#
# There is insufficient memory for the Java Runtime Environment to continue.
# Native memory allocation (malloc) failed to allocate 1048576 bytes for AllocateHeap
# Possible reasons:
#   The system is out of physical RAM or swap space
#   The process is running with CompressedOops enabled, and the Java Heap may be blocking the growth of the native heap
# Possible solutions:
#   Reduce memory load on the system
#   Increase physical memory or swap space
#   Check if swap backing store is full
#   Decrease Java heap size (-Xmx/-Xms)
#   Decrease number of Java threads
#   Decrease Java thread stack sizes (-Xss)
#   Set larger code cache with -XX:ReservedCodeCacheSize=
#   JVM is running with Zero Based Compressed Oops mode in which the Java heap is
#     placed in the first 32GB address space. The Java Heap base address is the
#     maximum limit for the native heap growth. Please use -XX:HeapBaseMinAddress
#     to set the Java Heap base and to place the Java Heap above 32GB virtual address.
# This output file may be truncated or incomplete.
#
#  Out of Memory Error (c:/BuildAgent/work/5ff2f6c26000d570/src/hotspot/share/memory/allocation.cpp:46), pid=12592, tid=11212
#
# JRE version: OpenJDK Runtime Environment (11.0.5+10) (build 11.0.5+10-b520.30)
# Java VM: OpenJDK 64-Bit Server VM (11.0.5+10-b520.30, mixed mode, sharing, tiered, compressed oops, g1 gc, windows-amd64)
# No core dump will be written. Minidumps are not enabled by default on client versions of Windows
#

---------------  S U M M A R Y ------------

Command Line: -XX:TieredStopAtLevel=1 -Xverify:none -Dspring.output.ansi.enabled=always -Dcom.sun.management.jmxremote -Dspring.jmx.enabled=true -Dspring.liveBeansView.mbeanDomain -Dspring.application.admin.enabled=true -javaagent:G:\Program Files\JetBrains\IntelliJ IDEA 2019.3.2\lib\idea_rt.jar=63792:G:\Program Files\JetBrains\IntelliJ IDEA 2019.3.2\bin -Dfile.encoding=UTF-8 org.fzu.cs03.daoyun.DaoyunApplication

Host: Intel(R) Core(TM) i5-4210M CPU @ 2.60GHz, 4 cores, 11G,  Windows 10 , 64 bit Build 18362 (10.0.18362.778)
Time: Sat May 16 18:08:04 2020 ?D1¨²¡À¨º¡Á?¨º¡À?? elapsed time: 269 seconds (0d 0h 4m 29s)

---------------  T H R E A D  ---------------

Current thread (0x0000025df8b02000):  VMThread "VM Thread" [stack: 0x000000b418700000,0x000000b418800000] [id=11212]

Stack: [0x000000b418700000,0x000000b418800000]
[error occurred during error reporting (printing stack bounds), id 0xc0000005, EXCEPTION_ACCESS_VIOLATION (0xc0000005) at pc=0x0000025de0470dad]

Native frames: (J=compiled Java code, j=interpreted, Vv=VM code, C=native code)
V  [jvm.dll+0x5dcafa]
V  [jvm.dll+0x70e375]
V  [jvm.dll+0x70f898]
V  [jvm.dll+0x70fec5]
V  [jvm.dll+0x70fe7b]
V  [jvm.dll+0x5dc288]
V  [jvm.dll+0x5dc6e8]
C  [ntdll.dll+0xa11cf]
C  [ntdll.dll+0x6a209]
C  [ntdll.dll+0x9fe3e]
C  0x0000025de0470dad

VM_Operation (0x000000b4198fed40): G1CollectFull, mode: safepoint, requested by thread 0x0000025df97c6800


---------------  P R O C E S S  ---------------

Threads class SMR info:
_java_thread_list=0x0000025dfd51a2e0, length=19, elements={
0x0000025df8b06000, 0x0000025df8b07800, 0x0000025df9334800, 0x0000025df9335800,
0x0000025df9336800, 0x0000025df9339800, 0x0000025df9421800, 0x0000025df9720000,
0x0000025df9720800, 0x0000025df991e000, 0x0000025dfae76800, 0x0000025dfb00b800,
0x0000025dfb05e800, 0x0000025dfb071000, 0x0000025df9aef800, 0x0000025df9af2000,
0x0000025df97c1800, 0x0000025df97bc800, 0x0000025df97c6800
}

Java Threads: ( => current thread )
  0x0000025df8b06000 JavaThread "Reference Handler" daemon [_thread_blocked, id=27388, stack(0x000000b418800000,0x000000b418900000)]
  0x0000025df8b07800 JavaThread "Finalizer" daemon [_thread_blocked, id=29788, stack(0x000000b418900000,0x000000b418a00000)]
  0x0000025df9334800 JavaThread "Signal Dispatcher" daemon [_thread_blocked, id=30020, stack(0x000000b418a00000,0x000000b418b00000)]
  0x0000025df9335800 JavaThread "Attach Listener" daemon [_thread_blocked, id=29808, stack(0x000000b418b00000,0x000000b418c00000)]
  0x0000025df9336800 JavaThread "C1 CompilerThread0" daemon [_thread_blocked, id=26368, stack(0x000000b418c00000,0x000000b418d00000)]
  0x0000025df9339800 JavaThread "Sweeper thread" daemon [_thread_blocked, id=25188, stack(0x000000b418d00000,0x000000b418e00000)]
  0x0000025df9421800 JavaThread "Common-Cleaner" daemon [_thread_blocked, id=31736, stack(0x000000b418e00000,0x000000b418f00000)]
  0x0000025df9720000 JavaThread "Monitor Ctrl-Break" daemon [_thread_in_native, id=15180, stack(0x000000b418f00000,0x000000b419000000)]
  0x0000025df9720800 JavaThread "Service Thread" daemon [_thread_blocked, id=24760, stack(0x000000b419000000,0x000000b419100000)]
  0x0000025df991e000 JavaThread "RMI TCP Accept-0" daemon [_thread_in_native, id=24748, stack(0x000000b419200000,0x000000b419300000)]
  0x0000025dfae76800 JavaThread "RMI Scheduler(0)" daemon [_thread_blocked, id=31104, stack(0x000000b419b00000,0x000000b419c00000)]
  0x0000025dfb00b800 JavaThread "Catalina-utility-1" [_thread_blocked, id=18008, stack(0x000000b419c00000,0x000000b419d00000)]
  0x0000025dfb05e800 JavaThread "Catalina-utility-2" [_thread_blocked, id=5696, stack(0x000000b419d00000,0x000000b419e00000)]
  0x0000025dfb071000 JavaThread "mysql-cj-abandoned-connection-cleanup" daemon [_thread_blocked, id=24396, stack(0x000000b419f00000,0x000000b41a000000)]
  0x0000025df9aef800 JavaThread "ForkJoinPool.commonPool-worker-7" daemon [_thread_blocked, id=26752, stack(0x000000b41a200000,0x000000b41a300000)]
  0x0000025df9af2000 JavaThread "Live Reload Server" daemon [_thread_in_native, id=25628, stack(0x000000b41a500000,0x000000b41a600000)]
  0x0000025df97c1800 JavaThread "http-nio-0.0.0.0-8080-Acceptor" daemon [_thread_blocked, id=7060, stack(0x000000b41b100000,0x000000b41b200000)]
  0x0000025df97bc800 JavaThread "DestroyJavaVM" [_thread_blocked, id=25240, stack(0x000000b418100000,0x000000b418200000)]
  0x0000025df97c6800 JavaThread "Thread-5" [_thread_blocked, id=9624, stack(0x000000b419800000,0x000000b419900000)]

Other Threads:
=>0x0000025df8b02000 VMThread "VM Thread" [stack: 0x000000b418700000,0x000000b418800000] [id=11212]
  0x0000025df9929000 WatcherThread [stack: 0x000000b419300000,0x000000b419400000] [id=25424]
  0x0000025ddc3d0800 GCTaskThread "GC Thread#0" [stack: 0x000000b418200000,0x000000b418300000] [id=22848]
  0x0000025df9930000 GCTaskThread "GC Thread#1" [stack: 0x000000b419400000,0x000000b419500000] [id=6208]
  0x0000025df9953000 GCTaskThread "GC Thread#2" [stack: 0x000000b419500000,0x000000b419600000] [id=4356]
  0x0000025df9953800 GCTaskThread "GC Thread#3" [stack: 0x000000b419600000,0x000000b419700000] [id=18628]
  0x0000025ddc416800 ConcurrentGCThread "G1 Main Marker" [stack: 0x000000b418300000,0x000000b418400000] [id=31096]
  0x0000025ddc419000 ConcurrentGCThread "G1 Conc#0" [stack: 0x000000b418400000,0x000000b418500000] [id=19992]
  0x0000025df8995800 ConcurrentGCThread "G1 Refine#0" [stack: 0x000000b418500000,0x000000b418600000] [id=34064]
  0x0000025df96b1000 ConcurrentGCThread "G1 Refine#1" [stack: 0x000000b419700000,0x000000b419800000] [id=24968]
  0x0000025df8996800 ConcurrentGCThread "G1 Young RemSet Sampling" [stack: 0x000000b418600000,0x000000b418700000] [id=25244]

Threads with active compile tasks:
C1 CompilerThread0 269446 6062  s    1       org.apache.catalina.util.LifecycleBase::setStateInternal (144 bytes)

VM state:at safepoint (normal execution)

VM Mutex/Monitor currently owned by a thread:  ([mutex/lock_event])
[0x0000025ddc3b2cd0] Threads_lock - owner thread: 0x0000025df8b02000
[0x0000025ddc3b2b20] Heap_lock - owner thread: 0x0000025df97c6800

Heap address: 0x0000000741200000, size: 3054 MB, Compressed Oops mode: Zero based, Oop shift amount: 3
Narrow klass base: 0x0000000800000000, Narrow klass shift: 3
Compressed class space size: 1073741824 Address: 0x0000000840000000

Heap:
 garbage-first heap   total 196608K, used 111012K [0x0000000741200000, 0x0000000800000000)
  region size 1024K, 102 young (104448K), 11 survivors (11264K)
 Metaspace       used 46348K, capacity 48062K, committed 48412K, reserved 1091584K
  class space    used 6003K, capacity 6658K, committed 6784K, reserved 1048576K
Heap Regions: E=young(eden), S=young(survivor), O=old, HS=humongous(starts), HC=humongous(continues), CS=collection set, F=free, A=archive, TAMS=top-at-mark-start (previous, next)
|   0|0x0000000741200000, 0x0000000741300000, 0x0000000741300000|100%| O|  |TAMS 0x0000000741300000, 0x0000000741200000| Untracked 
|   1|0x0000000741300000, 0x0000000741400000, 0x0000000741400000|100%| O|  |TAMS 0x0000000741400000, 0x0000000741300000| Untracked 
|   2|0x0000000741400000, 0x0000000741500000, 0x0000000741500000|100%| O|  |TAMS 0x0000000741500000, 0x0000000741400000| Untracked 
|   3|0x0000000741500000, 0x0000000741600000, 0x0000000741600000|100%| O|  |TAMS 0x0000000741600000, 0x0000000741500000| Untracked 
|   4|0x0000000741600000, 0x0000000741700000, 0x0000000741700000|100%| O|  |TAMS 0x0000000741700000, 0x0000000741600000| Untracked 
|   5|0x0000000741700000, 0x0000000741800000, 0x0000000741800000|100%| O|  |TAMS 0x0000000741800000, 0x0000000741700000| Untracked 
|   6|0x0000000741800000, 0x0000000741900000, 0x0000000741900000|100%| O|  |TAMS 0x0000000741900000, 0x0000000741800000| Untracked 
|   7|0x0000000741900000, 0x0000000741a00000, 0x0000000741a00000|100%| O|  |TAMS 0x0000000741a00000, 0x0000000741900000| Untracked 
|   8|0x0000000741a00000, 0x0000000741a8b400, 0x0000000741b00000| 54%| O|  |TAMS 0x0000000741a8b400, 0x0000000741a00000| Untracked 
|   9|0x0000000741b00000, 0x0000000741b00000, 0x0000000741c00000|  0%| F|  |TAMS 0x0000000741b00000, 0x0000000741b00000| Untracked 
|  10|0x0000000741c00000, 0x0000000741c00000, 0x0000000741d00000|  0%| F|  |TAMS 0x0000000741c00000, 0x0000000741c00000| Untracked 
|  11|0x0000000741d00000, 0x0000000741d00000, 0x0000000741e00000|  0%| F|  |TAMS 0x0000000741d00000, 0x0000000741d00000| Untracked 
|  12|0x0000000741e00000, 0x0000000741e00000, 0x0000000741f00000|  0%| F|  |TAMS 0x0000000741e00000, 0x0000000741e00000| Untracked 
|  13|0x0000000741f00000, 0x0000000741f00000, 0x0000000742000000|  0%| F|  |TAMS 0x0000000741f00000, 0x0000000741f00000| Untracked 
|  14|0x0000000742000000, 0x0000000742000000, 0x0000000742100000|  0%| F|  |TAMS 0x0000000742000000, 0x0000000742000000| Untracked 
|  15|0x0000000742100000, 0x0000000742100000, 0x0000000742200000|  0%| F|  |TAMS 0x0000000742100000, 0x0000000742100000| Untracked 
|  16|0x0000000742200000, 0x0000000742200000, 0x0000000742300000|  0%| F|  |TAMS 0x0000000742200000, 0x0000000742200000| Untracked 
|  17|0x0000000742300000, 0x0000000742300000, 0x0000000742400000|  0%| F|  |TAMS 0x0000000742300000, 0x0000000742300000| Untracked 
|  18|0x0000000742400000, 0x0000000742400000, 0x0000000742500000|  0%| F|  |TAMS 0x0000000742400000, 0x0000000742400000| Untracked 
|  19|0x0000000742500000, 0x0000000742500000, 0x0000000742600000|  0%| F|  |TAMS 0x0000000742500000, 0x0000000742500000| Untracked 
|  20|0x0000000742600000, 0x0000000742600000, 0x0000000742700000|  0%| F|  |TAMS 0x0000000742600000, 0x0000000742600000| Untracked 
|  21|0x0000000742700000, 0x0000000742700000, 0x0000000742800000|  0%| F|  |TAMS 0x0000000742700000, 0x0000000742700000| Untracked 
|  22|0x0000000742800000, 0x0000000742800000, 0x0000000742900000|  0%| F|  |TAMS 0x0000000742800000, 0x0000000742800000| Untracked 
|  23|0x0000000742900000, 0x0000000742900000, 0x0000000742a00000|  0%| F|  |TAMS 0x0000000742900000, 0x0000000742900000| Untracked 
|  24|0x0000000742a00000, 0x0000000742a00000, 0x0000000742b00000|  0%| F|  |TAMS 0x0000000742a00000, 0x0000000742a00000| Untracked 
|  25|0x0000000742b00000, 0x0000000742b00000, 0x0000000742c00000|  0%| F|  |TAMS 0x0000000742b00000, 0x0000000742b00000| Untracked 
|  26|0x0000000742c00000, 0x0000000742c00000, 0x0000000742d00000|  0%| F|  |TAMS 0x0000000742c00000, 0x0000000742c00000| Untracked 
|  27|0x0000000742d00000, 0x0000000742d00000, 0x0000000742e00000|  0%| F|  |TAMS 0x0000000742d00000, 0x0000000742d00000| Untracked 
|  28|0x0000000742e00000, 0x0000000742e00000, 0x0000000742f00000|  0%| F|  |TAMS 0x0000000742e00000, 0x0000000742e00000| Untracked 
|  29|0x0000000742f00000, 0x0000000742f00000, 0x0000000743000000|  0%| F|  |TAMS 0x0000000742f00000, 0x0000000742f00000| Untracked 
|  30|0x0000000743000000, 0x0000000743000000, 0x0000000743100000|  0%| F|  |TAMS 0x0000000743000000, 0x0000000743000000| Untracked 
|  31|0x0000000743100000, 0x0000000743100000, 0x0000000743200000|  0%| F|  |TAMS 0x0000000743100000, 0x0000000743100000| Untracked 
|  32|0x0000000743200000, 0x0000000743200000, 0x0000000743300000|  0%| F|  |TAMS 0x0000000743200000, 0x0000000743200000| Untracked 
|  33|0x0000000743300000, 0x0000000743300000, 0x0000000743400000|  0%| F|  |TAMS 0x0000000743300000, 0x0000000743300000| Untracked 
|  34|0x0000000743400000, 0x0000000743400000, 0x0000000743500000|  0%| F|  |TAMS 0x0000000743400000, 0x0000000743400000| Untracked 
|  35|0x0000000743500000, 0x0000000743500000, 0x0000000743600000|  0%| F|  |TAMS 0x0000000743500000, 0x0000000743500000| Untracked 
|  36|0x0000000743600000, 0x0000000743600000, 0x0000000743700000|  0%| F|  |TAMS 0x0000000743600000, 0x0000000743600000| Untracked 
|  37|0x0000000743700000, 0x0000000743700000, 0x0000000743800000|  0%| F|  |TAMS 0x0000000743700000, 0x0000000743700000| Untracked 
|  38|0x0000000743800000, 0x0000000743800000, 0x0000000743900000|  0%| F|  |TAMS 0x0000000743800000, 0x0000000743800000| Untracked 
|  39|0x0000000743900000, 0x0000000743900000, 0x0000000743a00000|  0%| F|  |TAMS 0x0000000743900000, 0x0000000743900000| Untracked 
|  40|0x0000000743a00000, 0x0000000743a00000, 0x0000000743b00000|  0%| F|  |TAMS 0x0000000743a00000, 0x0000000743a00000| Untracked 
|  41|0x0000000743b00000, 0x0000000743b00000, 0x0000000743c00000|  0%| F|  |TAMS 0x0000000743b00000, 0x0000000743b00000| Untracked 
|  42|0x0000000743c00000, 0x0000000743c00000, 0x0000000743d00000|  0%| F|  |TAMS 0x0000000743c00000, 0x0000000743c00000| Untracked 
|  43|0x0000000743d00000, 0x0000000743d00000, 0x0000000743e00000|  0%| F|  |TAMS 0x0000000743d00000, 0x0000000743d00000| Untracked 
|  44|0x0000000743e00000, 0x0000000743e00000, 0x0000000743f00000|  0%| F|  |TAMS 0x0000000743e00000, 0x0000000743e00000| Untracked 
|  45|0x0000000743f00000, 0x0000000743f00000, 0x0000000744000000|  0%| F|  |TAMS 0x0000000743f00000, 0x0000000743f00000| Untracked 
|  46|0x0000000744000000, 0x0000000744000000, 0x0000000744100000|  0%| F|  |TAMS 0x0000000744000000, 0x0000000744000000| Untracked 
|  47|0x0000000744100000, 0x0000000744100000, 0x0000000744200000|  0%| F|  |TAMS 0x0000000744100000, 0x0000000744100000| Untracked 
|  48|0x0000000744200000, 0x0000000744200000, 0x0000000744300000|  0%| F|  |TAMS 0x0000000744200000, 0x0000000744200000| Untracked 
|  49|0x0000000744300000, 0x0000000744300000, 0x0000000744400000|  0%| F|  |TAMS 0x0000000744300000, 0x0000000744300000| Untracked 
|  50|0x0000000744400000, 0x0000000744400000, 0x0000000744500000|  0%| F|  |TAMS 0x0000000744400000, 0x0000000744400000| Untracked 
|  51|0x0000000744500000, 0x0000000744500000, 0x0000000744600000|  0%| F|  |TAMS 0x0000000744500000, 0x0000000744500000| Untracked 
|  52|0x0000000744600000, 0x0000000744600000, 0x0000000744700000|  0%| F|  |TAMS 0x0000000744600000, 0x0000000744600000| Untracked 
|  53|0x0000000744700000, 0x0000000744700000, 0x0000000744800000|  0%| F|  |TAMS 0x0000000744700000, 0x0000000744700000| Untracked 
|  54|0x0000000744800000, 0x0000000744800000, 0x0000000744900000|  0%| F|  |TAMS 0x0000000744800000, 0x0000000744800000| Untracked 
|  55|0x0000000744900000, 0x0000000744900000, 0x0000000744a00000|  0%| F|  |TAMS 0x0000000744900000, 0x0000000744900000| Untracked 
|  56|0x0000000744a00000, 0x0000000744a00000, 0x0000000744b00000|  0%| F|  |TAMS 0x0000000744a00000, 0x0000000744a00000| Untracked 
|  57|0x0000000744b00000, 0x0000000744b00000, 0x0000000744c00000|  0%| F|  |TAMS 0x0000000744b00000, 0x0000000744b00000| Untracked 
|  58|0x0000000744c00000, 0x0000000744c00000, 0x0000000744d00000|  0%| F|  |TAMS 0x0000000744c00000, 0x0000000744c00000| Untracked 
|  59|0x0000000744d00000, 0x0000000744d00000, 0x0000000744e00000|  0%| F|  |TAMS 0x0000000744d00000, 0x0000000744d00000| Untracked 
|  60|0x0000000744e00000, 0x0000000744e00000, 0x0000000744f00000|  0%| F|  |TAMS 0x0000000744e00000, 0x0000000744e00000| Untracked 
|  61|0x0000000744f00000, 0x0000000744f00000, 0x0000000745000000|  0%| F|  |TAMS 0x0000000744f00000, 0x0000000744f00000| Untracked 
|  62|0x0000000745000000, 0x0000000745000000, 0x0000000745100000|  0%| F|  |TAMS 0x0000000745000000, 0x0000000745000000| Untracked 
|  63|0x0000000745100000, 0x0000000745100000, 0x0000000745200000|  0%| F|  |TAMS 0x0000000745100000, 0x0000000745100000| Untracked 
|  64|0x0000000745200000, 0x0000000745200000, 0x0000000745300000|  0%| F|  |TAMS 0x0000000745200000, 0x0000000745200000| Untracked 
|  65|0x0000000745300000, 0x0000000745300000, 0x0000000745400000|  0%| F|  |TAMS 0x0000000745300000, 0x0000000745300000| Untracked 
|  66|0x0000000745400000, 0x0000000745400000, 0x0000000745500000|  0%| F|  |TAMS 0x0000000745400000, 0x0000000745400000| Untracked 
|  67|0x0000000745500000, 0x0000000745500000, 0x0000000745600000|  0%| F|  |TAMS 0x0000000745500000, 0x0000000745500000| Untracked 
|  68|0x0000000745600000, 0x0000000745600000, 0x0000000745700000|  0%| F|  |TAMS 0x0000000745600000, 0x0000000745600000| Untracked 
|  69|0x0000000745700000, 0x0000000745700000, 0x0000000745800000|  0%| F|  |TAMS 0x0000000745700000, 0x0000000745700000| Untracked 
|  70|0x0000000745800000, 0x0000000745800000, 0x0000000745900000|  0%| F|  |TAMS 0x0000000745800000, 0x0000000745800000| Untracked 
|  71|0x0000000745900000, 0x0000000745900000, 0x0000000745a00000|  0%| F|  |TAMS 0x0000000745900000, 0x0000000745900000| Untracked 
|  72|0x0000000745a00000, 0x0000000745a00000, 0x0000000745b00000|  0%| F|  |TAMS 0x0000000745a00000, 0x0000000745a00000| Untracked 
|  73|0x0000000745b00000, 0x0000000745b00000, 0x0000000745c00000|  0%| F|  |TAMS 0x0000000745b00000, 0x0000000745b00000| Untracked 
|  74|0x0000000745c00000, 0x0000000745c00000, 0x0000000745d00000|  0%| F|  |TAMS 0x0000000745c00000, 0x0000000745c00000| Untracked 
|  75|0x0000000745d00000, 0x0000000745d00000, 0x0000000745e00000|  0%| F|  |TAMS 0x0000000745d00000, 0x0000000745d00000| Untracked 
|  76|0x0000000745e00000, 0x0000000745e00000, 0x0000000745f00000|  0%| F|  |TAMS 0x0000000745e00000, 0x0000000745e00000| Untracked 
|  77|0x0000000745f00000, 0x0000000745f00000, 0x0000000746000000|  0%| F|  |TAMS 0x0000000745f00000, 0x0000000745f00000| Untracked 
|  78|0x0000000746000000, 0x0000000746000000, 0x0000000746100000|  0%| F|  |TAMS 0x0000000746000000, 0x0000000746000000| Untracked 
|  79|0x0000000746100000, 0x00000007461dde00, 0x0000000746200000| 86%| S|CS|TAMS 0x0000000746100000, 0x0000000746100000| Complete 
|  80|0x0000000746200000, 0x0000000746300000, 0x0000000746300000|100%| S|CS|TAMS 0x0000000746200000, 0x0000000746200000| Complete 
|  81|0x0000000746300000, 0x0000000746400000, 0x0000000746400000|100%| S|CS|TAMS 0x0000000746300000, 0x0000000746300000| Complete 
|  82|0x0000000746400000, 0x0000000746500000, 0x0000000746500000|100%| S|CS|TAMS 0x0000000746400000, 0x0000000746400000| Complete 
|  83|0x0000000746500000, 0x0000000746500000, 0x0000000746600000|  0%| F|  |TAMS 0x0000000746500000, 0x0000000746500000| Untracked 
|  84|0x0000000746600000, 0x0000000746600000, 0x0000000746700000|  0%| F|  |TAMS 0x0000000746600000, 0x0000000746600000| Untracked 
|  85|0x0000000746700000, 0x0000000746700000, 0x0000000746800000|  0%| F|  |TAMS 0x0000000746700000, 0x0000000746700000| Untracked 
|  86|0x0000000746800000, 0x0000000746800000, 0x0000000746900000|  0%| F|  |TAMS 0x0000000746800000, 0x0000000746800000| Untracked 
|  87|0x0000000746900000, 0x0000000746900000, 0x0000000746a00000|  0%| F|  |TAMS 0x0000000746900000, 0x0000000746900000| Untracked 
|  88|0x0000000746a00000, 0x0000000746a00000, 0x0000000746b00000|  0%| F|  |TAMS 0x0000000746a00000, 0x0000000746a00000| Untracked 
|  89|0x0000000746b00000, 0x0000000746b00000, 0x0000000746c00000|  0%| F|  |TAMS 0x0000000746b00000, 0x0000000746b00000| Untracked 
|  90|0x0000000746c00000, 0x0000000746c00000, 0x0000000746d00000|  0%| F|  |TAMS 0x0000000746c00000, 0x0000000746c00000| Untracked 
|  91|0x0000000746d00000, 0x0000000746d00000, 0x0000000746e00000|  0%| F|  |TAMS 0x0000000746d00000, 0x0000000746d00000| Untracked 
|  92|0x0000000746e00000, 0x0000000746e00000, 0x0000000746f00000|  0%| F|  |TAMS 0x0000000746e00000, 0x0000000746e00000| Untracked 
|  93|0x0000000746f00000, 0x0000000746f00000, 0x0000000747000000|  0%| F|  |TAMS 0x0000000746f00000, 0x0000000746f00000| Untracked 
|  94|0x0000000747000000, 0x0000000747100000, 0x0000000747100000|100%| S|CS|TAMS 0x0000000747000000, 0x0000000747000000| Complete 
|  95|0x0000000747100000, 0x0000000747200000, 0x0000000747200000|100%| S|CS|TAMS 0x0000000747100000, 0x0000000747100000| Complete 
|  96|0x0000000747200000, 0x0000000747300000, 0x0000000747300000|100%| S|CS|TAMS 0x0000000747200000, 0x0000000747200000| Complete 
|  97|0x0000000747300000, 0x0000000747400000, 0x0000000747400000|100%| S|CS|TAMS 0x0000000747300000, 0x0000000747300000| Complete 
|  98|0x0000000747400000, 0x0000000747500000, 0x0000000747500000|100%| S|CS|TAMS 0x0000000747400000, 0x0000000747400000| Complete 
|  99|0x0000000747500000, 0x0000000747600000, 0x0000000747600000|100%| S|CS|TAMS 0x0000000747500000, 0x0000000747500000| Complete 
| 100|0x0000000747600000, 0x0000000747700000, 0x0000000747700000|100%| S|CS|TAMS 0x0000000747600000, 0x0000000747600000| Complete 
| 101|0x0000000747700000, 0x0000000747800000, 0x0000000747800000|100%| E|  |TAMS 0x0000000747700000, 0x0000000747700000| Complete 
| 102|0x0000000747800000, 0x0000000747900000, 0x0000000747900000|100%| E|CS|TAMS 0x0000000747800000, 0x0000000747800000| Complete 
| 103|0x0000000747900000, 0x0000000747a00000, 0x0000000747a00000|100%| E|CS|TAMS 0x0000000747900000, 0x0000000747900000| Complete 
| 104|0x0000000747a00000, 0x0000000747b00000, 0x0000000747b00000|100%| E|CS|TAMS 0x0000000747a00000, 0x0000000747a00000| Complete 
| 105|0x0000000747b00000, 0x0000000747c00000, 0x0000000747c00000|100%| E|CS|TAMS 0x0000000747b00000, 0x0000000747b00000| Complete 
| 106|0x0000000747c00000, 0x0000000747d00000, 0x0000000747d00000|100%| E|CS|TAMS 0x0000000747c00000, 0x0000000747c00000| Complete 
| 107|0x0000000747d00000, 0x0000000747e00000, 0x0000000747e00000|100%| E|CS|TAMS 0x0000000747d00000, 0x0000000747d00000| Complete 
| 108|0x0000000747e00000, 0x0000000747f00000, 0x0000000747f00000|100%| E|CS|TAMS 0x0000000747e00000, 0x0000000747e00000| Complete 
| 109|0x0000000747f00000, 0x0000000748000000, 0x0000000748000000|100%| E|CS|TAMS 0x0000000747f00000, 0x0000000747f00000| Complete 
| 110|0x0000000748000000, 0x0000000748100000, 0x0000000748100000|100%| E|CS|TAMS 0x0000000748000000, 0x0000000748000000| Complete 
| 111|0x0000000748100000, 0x0000000748200000, 0x0000000748200000|100%| E|CS|TAMS 0x0000000748100000, 0x0000000748100000| Complete 
| 112|0x0000000748200000, 0x0000000748300000, 0x0000000748300000|100%| E|CS|TAMS 0x0000000748200000, 0x0000000748200000| Complete 
| 113|0x0000000748300000, 0x0000000748400000, 0x0000000748400000|100%| E|CS|TAMS 0x0000000748300000, 0x0000000748300000| Complete 
| 114|0x0000000748400000, 0x0000000748500000, 0x0000000748500000|100%| E|CS|TAMS 0x0000000748400000, 0x0000000748400000| Complete 
| 115|0x0000000748500000, 0x0000000748600000, 0x0000000748600000|100%| E|CS|TAMS 0x0000000748500000, 0x0000000748500000| Complete 
| 116|0x0000000748600000, 0x0000000748700000, 0x0000000748700000|100%| E|CS|TAMS 0x0000000748600000, 0x0000000748600000| Complete 
| 117|0x0000000748700000, 0x0000000748800000, 0x0000000748800000|100%| E|CS|TAMS 0x0000000748700000, 0x0000000748700000| Complete 
| 118|0x0000000748800000, 0x0000000748900000, 0x0000000748900000|100%| E|CS|TAMS 0x0000000748800000, 0x0000000748800000| Complete 
| 119|0x0000000748900000, 0x0000000748a00000, 0x0000000748a00000|100%| E|CS|TAMS 0x0000000748900000, 0x0000000748900000| Complete 
| 120|0x0000000748a00000, 0x0000000748b00000, 0x0000000748b00000|100%| E|CS|TAMS 0x0000000748a00000, 0x0000000748a00000| Complete 
| 121|0x0000000748b00000, 0x0000000748c00000, 0x0000000748c00000|100%| E|CS|TAMS 0x0000000748b00000, 0x0000000748b00000| Complete 
| 122|0x0000000748c00000, 0x0000000748d00000, 0x0000000748d00000|100%| E|CS|TAMS 0x0000000748c00000, 0x0000000748c00000| Complete 
| 123|0x0000000748d00000, 0x0000000748e00000, 0x0000000748e00000|100%| E|CS|TAMS 0x0000000748d00000, 0x0000000748d00000| Complete 
| 124|0x0000000748e00000, 0x0000000748f00000, 0x0000000748f00000|100%| E|  |TAMS 0x0000000748e00000, 0x0000000748e00000| Complete 
| 125|0x0000000748f00000, 0x0000000749000000, 0x0000000749000000|100%| E|CS|TAMS 0x0000000748f00000, 0x0000000748f00000| Complete 
| 126|0x0000000749000000, 0x0000000749100000, 0x0000000749100000|100%| E|CS|TAMS 0x0000000749000000, 0x0000000749000000| Complete 
| 127|0x0000000749100000, 0x0000000749200000, 0x0000000749200000|100%| E|CS|TAMS 0x0000000749100000, 0x0000000749100000| Complete 
| 128|0x0000000749200000, 0x0000000749300000, 0x0000000749300000|100%| E|CS|TAMS 0x0000000749200000, 0x0000000749200000| Complete 
| 129|0x0000000749300000, 0x0000000749400000, 0x0000000749400000|100%| E|CS|TAMS 0x0000000749300000, 0x0000000749300000| Complete 
| 130|0x0000000749400000, 0x0000000749500000, 0x0000000749500000|100%| E|CS|TAMS 0x0000000749400000, 0x0000000749400000| Complete 
| 131|0x0000000749500000, 0x0000000749600000, 0x0000000749600000|100%| E|CS|TAMS 0x0000000749500000, 0x0000000749500000| Complete 
| 132|0x0000000749600000, 0x0000000749700000, 0x0000000749700000|100%| E|CS|TAMS 0x0000000749600000, 0x0000000749600000| Complete 
| 133|0x0000000749700000, 0x0000000749800000, 0x0000000749800000|100%| E|CS|TAMS 0x0000000749700000, 0x0000000749700000| Complete 
| 134|0x0000000749800000, 0x0000000749900000, 0x0000000749900000|100%| E|CS|TAMS 0x0000000749800000, 0x0000000749800000| Complete 
| 135|0x0000000749900000, 0x0000000749a00000, 0x0000000749a00000|100%| E|CS|TAMS 0x0000000749900000, 0x0000000749900000| Complete 
| 136|0x0000000749a00000, 0x0000000749b00000, 0x0000000749b00000|100%| E|CS|TAMS 0x0000000749a00000, 0x0000000749a00000| Complete 
| 137|0x0000000749b00000, 0x0000000749c00000, 0x0000000749c00000|100%| E|CS|TAMS 0x0000000749b00000, 0x0000000749b00000| Complete 
| 138|0x0000000749c00000, 0x0000000749d00000, 0x0000000749d00000|100%| E|CS|TAMS 0x0000000749c00000, 0x0000000749c00000| Complete 
| 139|0x0000000749d00000, 0x0000000749e00000, 0x0000000749e00000|100%| E|CS|TAMS 0x0000000749d00000, 0x0000000749d00000| Complete 
| 140|0x0000000749e00000, 0x0000000749f00000, 0x0000000749f00000|100%| E|CS|TAMS 0x0000000749e00000, 0x0000000749e00000| Complete 
| 141|0x0000000749f00000, 0x000000074a000000, 0x000000074a000000|100%| E|CS|TAMS 0x0000000749f00000, 0x0000000749f00000| Complete 
| 142|0x000000074a000000, 0x000000074a100000, 0x000000074a100000|100%| E|CS|TAMS 0x000000074a000000, 0x000000074a000000| Complete 
| 143|0x000000074a100000, 0x000000074a200000, 0x000000074a200000|100%| E|CS|TAMS 0x000000074a100000, 0x000000074a100000| Complete 
| 144|0x000000074a200000, 0x000000074a300000, 0x000000074a300000|100%| E|CS|TAMS 0x000000074a200000, 0x000000074a200000| Complete 
| 145|0x000000074a300000, 0x000000074a400000, 0x000000074a400000|100%| E|CS|TAMS 0x000000074a300000, 0x000000074a300000| Complete 
| 146|0x000000074a400000, 0x000000074a500000, 0x000000074a500000|100%| E|CS|TAMS 0x000000074a400000, 0x000000074a400000| Complete 
| 147|0x000000074a500000, 0x000000074a600000, 0x000000074a600000|100%| E|CS|TAMS 0x000000074a500000, 0x000000074a500000| Complete 
| 148|0x000000074a600000, 0x000000074a700000, 0x000000074a700000|100%| E|CS|TAMS 0x000000074a600000, 0x000000074a600000| Complete 
| 149|0x000000074a700000, 0x000000074a800000, 0x000000074a800000|100%| E|CS|TAMS 0x000000074a700000, 0x000000074a700000| Complete 
| 150|0x000000074a800000, 0x000000074a900000, 0x000000074a900000|100%| E|CS|TAMS 0x000000074a800000, 0x000000074a800000| Complete 
| 151|0x000000074a900000, 0x000000074aa00000, 0x000000074aa00000|100%| E|CS|TAMS 0x000000074a900000, 0x000000074a900000| Complete 
| 152|0x000000074aa00000, 0x000000074ab00000, 0x000000074ab00000|100%| E|CS|TAMS 0x000000074aa00000, 0x000000074aa00000| Complete 
| 153|0x000000074ab00000, 0x000000074ac00000, 0x000000074ac00000|100%| E|CS|TAMS 0x000000074ab00000, 0x000000074ab00000| Complete 
| 154|0x000000074ac00000, 0x000000074ad00000, 0x000000074ad00000|100%| E|CS|TAMS 0x000000074ac00000, 0x000000074ac00000| Complete 
| 155|0x000000074ad00000, 0x000000074ae00000, 0x000000074ae00000|100%| E|CS|TAMS 0x000000074ad00000, 0x000000074ad00000| Complete 
| 156|0x000000074ae00000, 0x000000074af00000, 0x000000074af00000|100%| E|CS|TAMS 0x000000074ae00000, 0x000000074ae00000| Complete 
| 157|0x000000074af00000, 0x000000074b000000, 0x000000074b000000|100%| E|CS|TAMS 0x000000074af00000, 0x000000074af00000| Complete 
| 158|0x000000074b000000, 0x000000074b100000, 0x000000074b100000|100%| E|CS|TAMS 0x000000074b000000, 0x000000074b000000| Complete 
| 159|0x000000074b100000, 0x000000074b200000, 0x000000074b200000|100%| E|CS|TAMS 0x000000074b100000, 0x000000074b100000| Complete 
| 160|0x000000074b200000, 0x000000074b300000, 0x000000074b300000|100%| E|CS|TAMS 0x000000074b200000, 0x000000074b200000| Complete 
| 161|0x000000074b300000, 0x000000074b400000, 0x000000074b400000|100%| E|CS|TAMS 0x000000074b300000, 0x000000074b300000| Complete 
| 162|0x000000074b400000, 0x000000074b500000, 0x000000074b500000|100%| E|CS|TAMS 0x000000074b400000, 0x000000074b400000| Complete 
| 163|0x000000074b500000, 0x000000074b600000, 0x000000074b600000|100%| E|CS|TAMS 0x000000074b500000, 0x000000074b500000| Complete 
| 164|0x000000074b600000, 0x000000074b700000, 0x000000074b700000|100%| E|CS|TAMS 0x000000074b600000, 0x000000074b600000| Complete 
| 165|0x000000074b700000, 0x000000074b800000, 0x000000074b800000|100%| E|CS|TAMS 0x000000074b700000, 0x000000074b700000| Complete 
| 166|0x000000074b800000, 0x000000074b900000, 0x000000074b900000|100%| E|CS|TAMS 0x000000074b800000, 0x000000074b800000| Complete 
| 167|0x000000074b900000, 0x000000074ba00000, 0x000000074ba00000|100%| E|CS|TAMS 0x000000074b900000, 0x000000074b900000| Complete 
| 168|0x000000074ba00000, 0x000000074bb00000, 0x000000074bb00000|100%| E|CS|TAMS 0x000000074ba00000, 0x000000074ba00000| Complete 
| 169|0x000000074bb00000, 0x000000074bc00000, 0x000000074bc00000|100%| E|CS|TAMS 0x000000074bb00000, 0x000000074bb00000| Complete 
| 170|0x000000074bc00000, 0x000000074bd00000, 0x000000074bd00000|100%| E|CS|TAMS 0x000000074bc00000, 0x000000074bc00000| Complete 
| 171|0x000000074bd00000, 0x000000074be00000, 0x000000074be00000|100%| E|CS|TAMS 0x000000074bd00000, 0x000000074bd00000| Complete 
| 172|0x000000074be00000, 0x000000074bf00000, 0x000000074bf00000|100%| E|CS|TAMS 0x000000074be00000, 0x000000074be00000| Complete 
| 173|0x000000074bf00000, 0x000000074c000000, 0x000000074c000000|100%| E|CS|TAMS 0x000000074bf00000, 0x000000074bf00000| Complete 
| 174|0x000000074c000000, 0x000000074c100000, 0x000000074c100000|100%| E|CS|TAMS 0x000000074c000000, 0x000000074c000000| Complete 
| 175|0x000000074c100000, 0x000000074c200000, 0x000000074c200000|100%| E|CS|TAMS 0x000000074c100000, 0x000000074c100000| Complete 
| 176|0x000000074c200000, 0x000000074c300000, 0x000000074c300000|100%| E|CS|TAMS 0x000000074c200000, 0x000000074c200000| Complete 
| 177|0x000000074c300000, 0x000000074c400000, 0x000000074c400000|100%| E|CS|TAMS 0x000000074c300000, 0x000000074c300000| Complete 
| 178|0x000000074c400000, 0x000000074c500000, 0x000000074c500000|100%| E|CS|TAMS 0x000000074c400000, 0x000000074c400000| Complete 
| 179|0x000000074c500000, 0x000000074c600000, 0x000000074c600000|100%| E|CS|TAMS 0x000000074c500000, 0x000000074c500000| Complete 
| 180|0x000000074c600000, 0x000000074c700000, 0x000000074c700000|100%| E|CS|TAMS 0x000000074c600000, 0x000000074c600000| Complete 
| 181|0x000000074c700000, 0x000000074c800000, 0x000000074c800000|100%| E|CS|TAMS 0x000000074c700000, 0x000000074c700000| Complete 
| 182|0x000000074c800000, 0x000000074c900000, 0x000000074c900000|100%| E|CS|TAMS 0x000000074c800000, 0x000000074c800000| Complete 
| 183|0x000000074c900000, 0x000000074ca00000, 0x000000074ca00000|100%| E|CS|TAMS 0x000000074c900000, 0x000000074c900000| Complete 
| 184|0x000000074ca00000, 0x000000074cb00000, 0x000000074cb00000|100%| E|CS|TAMS 0x000000074ca00000, 0x000000074ca00000| Complete 
| 185|0x000000074cb00000, 0x000000074cc00000, 0x000000074cc00000|100%| E|CS|TAMS 0x000000074cb00000, 0x000000074cb00000| Complete 
| 186|0x000000074cc00000, 0x000000074cd00000, 0x000000074cd00000|100%| E|CS|TAMS 0x000000074cc00000, 0x000000074cc00000| Complete 
| 187|0x000000074cd00000, 0x000000074ce00000, 0x000000074ce00000|100%| E|CS|TAMS 0x000000074cd00000, 0x000000074cd00000| Complete 
| 188|0x000000074ce00000, 0x000000074cf00000, 0x000000074cf00000|100%| E|CS|TAMS 0x000000074ce00000, 0x000000074ce00000| Complete 
| 189|0x000000074cf00000, 0x000000074d000000, 0x000000074d000000|100%| E|CS|TAMS 0x000000074cf00000, 0x000000074cf00000| Complete 
| 190|0x000000074d000000, 0x000000074d100000, 0x000000074d100000|100%| E|CS|TAMS 0x000000074d000000, 0x000000074d000000| Complete 
| 191|0x000000074d100000, 0x000000074d200000, 0x000000074d200000|100%| E|CS|TAMS 0x000000074d100000, 0x000000074d100000| Complete 

Card table byte_map: [0x0000025defa70000,0x0000025df0070000] _byte_map_base: 0x0000025dec067000

Marking Bits (Prev, Next): (CMBitMap*) 0x0000025ddc409de8, (CMBitMap*) 0x0000025ddc409e20
 Prev Bits: [0x0000025df0670000, 0x0000025df3628000)
 Next Bits: [0x0000025df3630000, 0x0000025df65e8000)

Polling page: 0x0000025dda330000

Metaspace:

Usage:
  Non-class:     40.43 MB capacity,    39.40 MB ( 97%) used,   879.10 KB (  2%) free+waste,   179.69 KB ( <1%) overhead. 
      Class:      6.50 MB capacity,     5.86 MB ( 90%) used,   565.88 KB (  8%) free+waste,    88.81 KB (  1%) overhead. 
       Both:     46.94 MB capacity,    45.26 MB ( 96%) used,     1.41 MB (  3%) free+waste,   268.50 KB ( <1%) overhead. 

Virtual space:
  Non-class space:       42.00 MB reserved,      40.65 MB ( 97%) committed 
      Class space:        1.00 GB reserved,       6.63 MB ( <1%) committed 
             Both:        1.04 GB reserved,      47.28 MB (  4%) committed 

Chunk freelists:
   Non-Class:  32.00 KB
       Class:  0 bytes
        Both:  32.00 KB

MaxMetaspaceSize: 17179869184.00 GB
CompressedClassSpaceSize: 1.00 GB

CodeHeap 'non-profiled nmethods': size=238912Kb used=10409Kb max_used=10409Kb free=228502Kb
 bounds [0x0000025de0b20000, 0x0000025de1550000, 0x0000025def470000]
CodeHeap 'non-nmethods': size=6848Kb used=1255Kb max_used=1255Kb free=5592Kb
 bounds [0x0000025de0470000, 0x0000025de06e0000, 0x0000025de0b20000]
 total_blobs=6950 nmethods=5974 adapters=542
 compilation: enabled
              stopped_count=0, restarted_count=0
 full_count=0

Compilation events (20 events):
Event: 267.400 Thread 0x0000025df9336800 nmethod 6051 0x0000025de1542710 code [0x0000025de15428c0, 0x0000025de1542a10]
Event: 267.400 Thread 0x0000025df9336800 6052   !   1       java.net.SocketOutputStream::socketWrite (133 bytes)
Event: 267.401 Thread 0x0000025df9336800 nmethod 6052 0x0000025de1542a90 code [0x0000025de1542d40, 0x0000025de1543900]
Event: 267.401 Thread 0x0000025df9336800 6050       1       sun.security.ssl.SSLCipher$T13GcmWriteCipherGenerator$GcmWriteCipher::getExplicitNonceSize (2 bytes)
Event: 267.402 Thread 0x0000025df9336800 nmethod 6050 0x0000025de1543f10 code [0x0000025de15440c0, 0x0000025de15441f8]
Event: 267.412 Thread 0x0000025df9336800 6053       1       com.sun.crypto.provider.GaloisCounterMode::checkDataLength (19 bytes)
Event: 267.412 Thread 0x0000025df9336800 nmethod 6053 0x0000025de1544290 code [0x0000025de1544440, 0x0000025de1544630]
Event: 267.412 Thread 0x0000025df9336800 6054       1       com.sun.crypto.provider.GHASH::digest (34 bytes)
Event: 267.412 Thread 0x0000025df9336800 nmethod 6054 0x0000025de1544710 code [0x0000025de15448e0, 0x0000025de1544c00]
Event: 267.414 Thread 0x0000025df9336800 6055       1       java.text.SimpleDateFormat::subFormat (1260 bytes)
Event: 267.422 Thread 0x0000025df9336800 nmethod 6055 0x0000025de1544e10 code [0x0000025de1545400, 0x0000025de15489a0]
Event: 268.111 Thread 0x0000025df9336800 6057       1       java.util.concurrent.atomic.AtomicLong::set (12 bytes)
Event: 268.111 Thread 0x0000025df9336800 nmethod 6057 0x0000025de154ac10 code [0x0000025de154adc0, 0x0000025de154af18]
Event: 268.111 Thread 0x0000025df9336800 6059   !   1       org.apache.tomcat.util.net.NioEndpoint$Poller::timeout (571 bytes)
Event: 268.115 Thread 0x0000025df9336800 nmethod 6059 0x0000025de154af90 code [0x0000025de154b360, 0x0000025de154c590]
Event: 269.252 Thread 0x0000025df9336800 6060       1       java.net.NetworkInterface::<init> (15 bytes)
Event: 269.253 Thread 0x0000025df9336800 nmethod 6060 0x0000025de154d290 code [0x0000025de154d440, 0x0000025de154d5b8]
Event: 269.323 Thread 0x0000025df9336800 6061       1       java.security.ProtectionDomain::<init> (99 bytes)
Event: 269.324 Thread 0x0000025df9336800 nmethod 6061 0x0000025de154d610 code [0x0000025de154d800, 0x0000025de154de30]
Event: 269.387 Thread 0x0000025df9336800 6062  s    1       org.apache.catalina.util.LifecycleBase::setStateInternal (144 bytes)

GC Heap History (14 events):
Event: 4.275 GC heap before
{Heap before GC invocations=0 (full 0):
 garbage-first heap   total 196608K, used 14336K [0x0000000741200000, 0x0000000800000000)
  region size 1024K, 14 young (14336K), 0 survivors (0K)
 Metaspace       used 5370K, capacity 5785K, committed 5888K, reserved 1056768K
  class space    used 679K, capacity 767K, committed 768K, reserved 1048576K
}
Event: 4.468 GC heap after
{Heap after GC invocations=1 (full 0):
 garbage-first heap   total 196608K, used 5439K [0x0000000741200000, 0x0000000800000000)
  region size 1024K, 2 young (2048K), 2 survivors (2048K)
 Metaspace       used 5370K, capacity 5785K, committed 5888K, reserved 1056768K
  class space    used 679K, capacity 767K, committed 768K, reserved 1048576K
}
Event: 4.912 GC heap before
{Heap before GC invocations=1 (full 0):
 garbage-first heap   total 196608K, used 12607K [0x0000000741200000, 0x0000000800000000)
  region size 1024K, 9 young (9216K), 2 survivors (2048K)
 Metaspace       used 6585K, capacity 6904K, committed 7168K, reserved 1056768K
  class space    used 824K, capacity 925K, committed 1024K, reserved 1048576K
}
Event: 4.917 GC heap after
{Heap after GC invocations=2 (full 0):
 garbage-first heap   total 196608K, used 6058K [0x0000000741200000, 0x0000000800000000)
  region size 1024K, 1 young (1024K), 1 survivors (1024K)
 Metaspace       used 6585K, capacity 6904K, committed 7168K, reserved 1056768K
  class space    used 824K, capacity 925K, committed 1024K, reserved 1048576K
}
Event: 5.696 GC heap before
{Heap before GC invocations=2 (full 0):
 garbage-first heap   total 196608K, used 30634K [0x0000000741200000, 0x0000000800000000)
  region size 1024K, 25 young (25600K), 1 survivors (1024K)
 Metaspace       used 10124K, capacity 10623K, committed 10880K, reserved 1058816K
  class space    used 1346K, capacity 1538K, committed 1664K, reserved 1048576K
}
Event: 5.701 GC heap after
{Heap after GC invocations=3 (full 0):
 garbage-first heap   total 196608K, used 7117K [0x0000000741200000, 0x0000000800000000)
  region size 1024K, 2 young (2048K), 2 survivors (2048K)
 Metaspace       used 10124K, capacity 10623K, committed 10880K, reserved 1058816K
  class space    used 1346K, capacity 1538K, committed 1664K, reserved 1048576K
}
Event: 6.880 GC heap before
{Heap before GC invocations=3 (full 0):
 garbage-first heap   total 196608K, used 50125K [0x0000000741200000, 0x0000000800000000)
  region size 1024K, 45 young (46080K), 2 survivors (2048K)
 Metaspace       used 17243K, capacity 17921K, committed 18048K, reserved 1064960K
  class space    used 2364K, capacity 2636K, committed 2688K, reserved 1048576K
}
Event: 6.889 GC heap after
{Heap after GC invocations=4 (full 0):
 garbage-first heap   total 196608K, used 9054K [0x0000000741200000, 0x0000000800000000)
  region size 1024K, 4 young (4096K), 4 survivors (4096K)
 Metaspace       used 17243K, capacity 17921K, committed 18048K, reserved 1064960K
  class space    used 2364K, capacity 2636K, committed 2688K, reserved 1048576K
}
Event: 9.502 GC heap before
{Heap before GC invocations=4 (full 0):
 garbage-first heap   total 196608K, used 58206K [0x0000000741200000, 0x0000000800000000)
  region size 1024K, 53 young (54272K), 4 survivors (4096K)
 Metaspace       used 20350K, capacity 21155K, committed 21296K, reserved 1067008K
  class space    used 2812K, capacity 3129K, committed 3200K, reserved 1048576K
}
Event: 9.528 GC heap after
{Heap after GC invocations=5 (full 0):
 garbage-first heap   total 196608K, used 11441K [0x0000000741200000, 0x0000000800000000)
  region size 1024K, 6 young (6144K), 6 survivors (6144K)
 Metaspace       used 20350K, capacity 21155K, committed 21296K, reserved 1067008K
  class space    used 2812K, capacity 3129K, committed 3200K, reserved 1048576K
}
Event: 20.786 GC heap before
{Heap before GC invocations=6 (full 0):
 garbage-first heap   total 196608K, used 105649K [0x0000000741200000, 0x0000000800000000)
  region size 1024K, 98 young (100352K), 6 survivors (6144K)
 Metaspace       used 30803K, capacity 32050K, committed 32304K, reserved 1077248K
  class space    used 4194K, capacity 4717K, committed 4736K, reserved 1048576K
}
Event: 20.810 GC heap after
{Heap after GC invocations=7 (full 0):
 garbage-first heap   total 196608K, used 16349K [0x0000000741200000, 0x0000000800000000)
  region size 1024K, 11 young (11264K), 11 survivors (11264K)
 Metaspace       used 30803K, capacity 32050K, committed 32304K, reserved 1077248K
  class space    used 4194K, capacity 4717K, committed 4736K, reserved 1048576K
}
Event: 26.124 GC heap before
{Heap before GC invocations=7 (full 0):
 garbage-first heap   total 196608K, used 108509K [0x0000000741200000, 0x0000000800000000)
  region size 1024K, 102 young (104448K), 11 survivors (11264K)
 Metaspace       used 34403K, capacity 35824K, committed 35888K, reserved 1079296K
  class space    used 4662K, capacity 5220K, committed 5248K, reserved 1048576K
}
Event: 26.213 GC heap after
{Heap after GC invocations=8 (full 0):
 garbage-first heap   total 196608K, used 19876K [0x0000000741200000, 0x0000000800000000)
  region size 1024K, 11 young (11264K), 11 survivors (11264K)
 Metaspace       used 34403K, capacity 35824K, committed 35888K, reserved 1079296K
  class space    used 4662K, capacity 5220K, committed 5248K, reserved 1048576K
}

Deoptimization events (6 events):
Event: 22.946 Thread 0x0000025df9cb0800 DEOPT PACKING pc=0x0000025de0e116bb sp=0x000000b4199fd1f0
Event: 22.946 Thread 0x0000025df9cb0800 DEOPT UNPACKING pc=0x0000025de04990ce sp=0x000000b4199fc6f8 mode 3
Event: 123.780 Thread 0x0000025df9af5000 DEOPT PACKING pc=0x0000025de0cab0ec sp=0x000000b41a6fb460
Event: 123.780 Thread 0x0000025df9af5000 DEOPT UNPACKING pc=0x0000025de04990ce sp=0x000000b41a6fa978 mode 0
Event: 207.045 Thread 0x0000025df97bd800 DEOPT PACKING pc=0x0000025de1191b01 sp=0x000000b41aafa520
Event: 207.045 Thread 0x0000025df97bd800 DEOPT UNPACKING pc=0x0000025de04990ce sp=0x000000b41aaf9ab8 mode 3

Classes redefined (0 events):
No events

Internal exceptions (20 events):
Event: 125.766 Thread 0x0000025df9af5000 Exception <a 'java/lang/NoSuchMethodError'{0x0000000749b3ace8}: 'java.lang.Object java.lang.invoke.DirectMethodHandle$Holder.invokeStaticInit(java.lang.Object, java.lang.Object, java.lang.Object, java.lang.Object)'> (0x0000000749b3ace8) thrown at [c:/Buil
Event: 206.885 Thread 0x0000025df97bd800 Exception <a 'java/lang/ClassNotFoundException'{0x00000007483760b8}: java/util/MapBeanInfo> (0x00000007483760b8) thrown at [c:/BuildAgent/work/5ff2f6c26000d570/src/hotspot/share/classfile/systemDictionary.cpp, line 231]
Event: 206.887 Thread 0x0000025df97bd800 Exception <a 'java/lang/ClassNotFoundException'{0x000000074837ac60}: java/util/MapCustomizer> (0x000000074837ac60) thrown at [c:/BuildAgent/work/5ff2f6c26000d570/src/hotspot/share/classfile/systemDictionary.cpp, line 231]
Event: 206.998 Thread 0x0000025df97bd800 Exception <a 'java/lang/reflect/InvocationTargetException'{0x00000007481df270}> (0x00000007481df270) thrown at [c:/BuildAgent/work/5ff2f6c26000d570/src/hotspot/share/runtime/reflection.cpp, line 1246]
Event: 206.999 Thread 0x0000025df97bd800 Exception <a 'java/lang/reflect/InvocationTargetException'{0x00000007481e9cc0}> (0x00000007481e9cc0) thrown at [c:/BuildAgent/work/5ff2f6c26000d570/src/hotspot/share/runtime/reflection.cpp, line 1246]
Event: 207.064 Thread 0x0000025df97bd800 Exception <a 'java/lang/ClassNotFoundException'{0x0000000747f44e28}: java/lang/ObjectCustomizer> (0x0000000747f44e28) thrown at [c:/BuildAgent/work/5ff2f6c26000d570/src/hotspot/share/classfile/systemDictionary.cpp, line 231]
Event: 207.066 Thread 0x0000025df97bd800 Exception <a 'java/lang/ClassNotFoundException'{0x0000000747f56010}: org/springframework/jdbc/support/SQLErrorCodesCustomizer> (0x0000000747f56010) thrown at [c:/BuildAgent/work/5ff2f6c26000d570/src/hotspot/share/classfile/systemDictionary.cpp, line 231]
Event: 207.081 Thread 0x0000025df97bd800 Exception <a 'java/lang/reflect/InvocationTargetException'{0x0000000747feae30}> (0x0000000747feae30) thrown at [c:/BuildAgent/work/5ff2f6c26000d570/src/hotspot/share/runtime/reflection.cpp, line 1246]
Event: 267.386 Thread 0x0000025df97c8000 Exception <a 'java/net/SocketException'{0x00000007477032e0}: Software caused connection abort: socket write error> (0x00000007477032e0) thrown at [c:/BuildAgent/work/5ff2f6c26000d570/src/hotspot/share/prims/jni.cpp, line 636]
Event: 267.389 Thread 0x0000025df97c8000 Exception <a 'java/net/SocketException'{0x0000000747704d68}: Software caused connection abort: socket write error> (0x0000000747704d68) thrown at [c:/BuildAgent/work/5ff2f6c26000d570/src/hotspot/share/prims/jni.cpp, line 636]
Event: 267.392 Thread 0x0000025df97c8000 Exception <a 'java/net/SocketException'{0x00000007477065d0}: Software caused connection abort: socket write error> (0x00000007477065d0) thrown at [c:/BuildAgent/work/5ff2f6c26000d570/src/hotspot/share/prims/jni.cpp, line 636]
Event: 267.395 Thread 0x0000025df97c8000 Exception <a 'java/net/SocketException'{0x0000000747707e38}: Software caused connection abort: socket write error> (0x0000000747707e38) thrown at [c:/BuildAgent/work/5ff2f6c26000d570/src/hotspot/share/prims/jni.cpp, line 636]
Event: 267.398 Thread 0x0000025df97c8000 Exception <a 'java/net/SocketException'{0x00000007477096a0}: Software caused connection abort: socket write error> (0x00000007477096a0) thrown at [c:/BuildAgent/work/5ff2f6c26000d570/src/hotspot/share/prims/jni.cpp, line 636]
Event: 267.402 Thread 0x0000025df97c8000 Exception <a 'java/net/SocketException'{0x000000074770af08}: Software caused connection abort: socket write error> (0x000000074770af08) thrown at [c:/BuildAgent/work/5ff2f6c26000d570/src/hotspot/share/prims/jni.cpp, line 636]
Event: 267.404 Thread 0x0000025df97c8000 Exception <a 'java/net/SocketException'{0x000000074770c770}: Software caused connection abort: socket write error> (0x000000074770c770) thrown at [c:/BuildAgent/work/5ff2f6c26000d570/src/hotspot/share/prims/jni.cpp, line 636]
Event: 267.407 Thread 0x0000025df97c8000 Exception <a 'java/net/SocketException'{0x000000074770dfd8}: Software caused connection abort: socket write error> (0x000000074770dfd8) thrown at [c:/BuildAgent/work/5ff2f6c26000d570/src/hotspot/share/prims/jni.cpp, line 636]
Event: 267.410 Thread 0x0000025df97c8000 Exception <a 'java/net/SocketException'{0x000000074770f840}: Software caused connection abort: socket write error> (0x000000074770f840) thrown at [c:/BuildAgent/work/5ff2f6c26000d570/src/hotspot/share/prims/jni.cpp, line 636]
Event: 267.413 Thread 0x0000025df97c8000 Exception <a 'java/net/SocketException'{0x00000007477110a8}: Software caused connection abort: socket write error> (0x00000007477110a8) thrown at [c:/BuildAgent/work/5ff2f6c26000d570/src/hotspot/share/prims/jni.cpp, line 636]
Event: 267.417 Thread 0x0000025df97c6800 Exception <a 'java/lang/NoSuchMethodError'{0x00000007477506c8}: 'void java.lang.invoke.DirectMethodHandle$Holder.invokeInterface(java.lang.Object, java.lang.Object)'> (0x00000007477506c8) thrown at [c:/BuildAgent/work/5ff2f6c26000d570/src/hotspot/share/in
Event: 269.387 Thread 0x0000025dfb060000 Exception <a 'java/lang/InterruptedException'{0x00000007477e4cf8}: sleep interrupted> (0x00000007477e4cf8) thrown at [c:/BuildAgent/work/5ff2f6c26000d570/src/hotspot/share/prims/jvm.cpp, line 3107]

Events (20 events):
Event: 269.385 Thread 0x0000025df97be800 Thread exited: 0x0000025df97be800
Event: 269.385 Thread 0x0000025df97bf000 Thread exited: 0x0000025df97bf000
Event: 269.385 Executing VM operation: RevokeBias
Event: 269.385 Executing VM operation: RevokeBias done
Event: 269.385 Thread 0x0000025df9af6000 Thread exited: 0x0000025df9af6000
Event: 269.386 Thread 0x0000025df9af4000 Thread exited: 0x0000025df9af4000
Event: 269.386 Executing VM operation: RevokeBias
Event: 269.386 Executing VM operation: RevokeBias done
Event: 269.386 Executing VM operation: RevokeBias
Event: 269.386 Executing VM operation: RevokeBias done
Event: 269.386 Executing VM operation: RevokeBias
Event: 269.386 Executing VM operation: RevokeBias done
Event: 269.386 Executing VM operation: RevokeBias
Event: 269.386 Executing VM operation: RevokeBias done
Event: 269.387 Executing VM operation: RevokeBias
Event: 269.387 Executing VM operation: RevokeBias done
Event: 269.387 Thread 0x0000025dfb060000 Thread exited: 0x0000025dfb060000
Event: 269.387 Executing VM operation: RevokeBias
Event: 269.387 Executing VM operation: RevokeBias done
Event: 269.388 Executing VM operation: G1CollectFull


Dynamic libraries:
0x00007ff660270000 - 0x00007ff66027a000 	G:\Program Files\JetBrains\IntelliJ IDEA 2019.3.2\jbr\bin\java.exe
0x00007ff86c260000 - 0x00007ff86c450000 	C:\Windows\SYSTEM32\ntdll.dll
0x00007ff86c040000 - 0x00007ff86c0f2000 	C:\Windows\System32\KERNEL32.DLL
0x00007ff869690000 - 0x00007ff869933000 	C:\Windows\System32\KERNELBASE.dll
0x00007ff86a210000 - 0x00007ff86a30a000 	C:\Windows\System32\ucrtbase.dll
0x00007ff8479e0000 - 0x00007ff8479f7000 	G:\Program Files\JetBrains\IntelliJ IDEA 2019.3.2\jbr\bin\VCRUNTIME140.dll
0x00007ff85b010000 - 0x00007ff85b029000 	G:\Program Files\JetBrains\IntelliJ IDEA 2019.3.2\jbr\bin\jli.dll
0x00007ff86aa70000 - 0x00007ff86ac04000 	C:\Windows\System32\USER32.dll
0x00007ff869290000 - 0x00007ff8692b1000 	C:\Windows\System32\win32u.dll
0x00007ff86b5c0000 - 0x00007ff86b5e6000 	C:\Windows\System32\GDI32.dll
0x00007ff8693a0000 - 0x00007ff869534000 	C:\Windows\System32\gdi32full.dll
0x00007ff8691f0000 - 0x00007ff86928e000 	C:\Windows\System32\msvcp_win.dll
0x00007ff85daf0000 - 0x00007ff85dd75000 	C:\Windows\WinSxS\amd64_microsoft.windows.common-controls_6595b64144ccf1df_6.0.18362.778_none_e6c6b761130d4fb8\COMCTL32.dll
0x00007ff86aeb0000 - 0x00007ff86af4e000 	C:\Windows\System32\msvcrt.dll
0x00007ff86b1e0000 - 0x00007ff86b516000 	C:\Windows\System32\combase.dll
0x00007ff86c100000 - 0x00007ff86c220000 	C:\Windows\System32\RPCRT4.dll
0x00007ff86a0c0000 - 0x00007ff86a140000 	C:\Windows\System32\bcryptPrimitives.dll
0x00007ff86b520000 - 0x00007ff86b54e000 	C:\Windows\System32\IMM32.DLL
0x00007ff83e850000 - 0x00007ff83e8ed000 	G:\Program Files\JetBrains\IntelliJ IDEA 2019.3.2\jbr\bin\msvcp140.dll
0x00007ff83b400000 - 0x00007ff83bebb000 	G:\Program Files\JetBrains\IntelliJ IDEA 2019.3.2\jbr\bin\server\jvm.dll
0x00007ff86ae00000 - 0x00007ff86aea3000 	C:\Windows\System32\ADVAPI32.dll
0x00007ff86b650000 - 0x00007ff86b6e7000 	C:\Windows\System32\sechost.dll
0x00007ff86b100000 - 0x00007ff86b108000 	C:\Windows\System32\PSAPI.DLL
0x00007ff865b60000 - 0x00007ff865b69000 	C:\Windows\SYSTEM32\WSOCK32.dll
0x00007ff86af50000 - 0x00007ff86afbf000 	C:\Windows\System32\WS2_32.dll
0x00007ff865db0000 - 0x00007ff865dd4000 	C:\Windows\SYSTEM32\WINMM.dll
0x00007ff865d80000 - 0x00007ff865dad000 	C:\Windows\SYSTEM32\WINMMBASE.dll
0x00007ff86a1a0000 - 0x00007ff86a1ea000 	C:\Windows\System32\cfgmgr32.dll
0x00007ff860790000 - 0x00007ff86079a000 	C:\Windows\SYSTEM32\VERSION.dll
0x00007ff8691d0000 - 0x00007ff8691e1000 	C:\Windows\System32\kernel.appcore.dll
0x00007ff85b4e0000 - 0x00007ff85b4f1000 	G:\Program Files\JetBrains\IntelliJ IDEA 2019.3.2\jbr\bin\verify.dll
0x00007ff85a910000 - 0x00007ff85ab04000 	C:\Windows\SYSTEM32\DBGHELP.DLL
0x00007ff85a8e0000 - 0x00007ff85a90a000 	C:\Windows\SYSTEM32\dbgcore.DLL
0x00007ff85b3a0000 - 0x00007ff85b3c9000 	G:\Program Files\JetBrains\IntelliJ IDEA 2019.3.2\jbr\bin\java.dll
0x00007ff85b510000 - 0x00007ff85b51f000 	G:\Program Files\JetBrains\IntelliJ IDEA 2019.3.2\jbr\bin\instrument.dll
0x00007ff85ac80000 - 0x00007ff85ac97000 	G:\Program Files\JetBrains\IntelliJ IDEA 2019.3.2\jbr\bin\zip.dll
0x00007ff85b150000 - 0x00007ff85b15b000 	G:\Program Files\JetBrains\IntelliJ IDEA 2019.3.2\jbr\bin\jimage.dll
0x00007ff86a380000 - 0x00007ff86aa65000 	C:\Windows\System32\SHELL32.dll
0x00007ff86ba50000 - 0x00007ff86baf9000 	C:\Windows\System32\shcore.dll
0x00007ff869940000 - 0x00007ff86a0c0000 	C:\Windows\System32\windows.storage.dll
0x00007ff8691a0000 - 0x00007ff8691c3000 	C:\Windows\System32\profapi.dll
0x00007ff869130000 - 0x00007ff86917a000 	C:\Windows\System32\powrprof.dll
0x00007ff869120000 - 0x00007ff869130000 	C:\Windows\System32\UMPDC.dll
0x00007ff86b560000 - 0x00007ff86b5b2000 	C:\Windows\System32\shlwapi.dll
0x00007ff86a1f0000 - 0x00007ff86a207000 	C:\Windows\System32\cryptsp.dll
0x00007ff85a170000 - 0x00007ff85a18a000 	G:\Program Files\JetBrains\IntelliJ IDEA 2019.3.2\jbr\bin\net.dll
0x00007ff85e480000 - 0x00007ff85e570000 	C:\Windows\SYSTEM32\WINHTTP.dll
0x00007ff868960000 - 0x00007ff8689c7000 	C:\Windows\system32\mswsock.dll
0x00007ff8594e0000 - 0x00007ff8594f4000 	G:\Program Files\JetBrains\IntelliJ IDEA 2019.3.2\jbr\bin\nio.dll
0x00007ff85b470000 - 0x00007ff85b48a000 	G:\Program Files\JetBrains\IntelliJ IDEA 2019.3.2\bin\breakgen64.dll
0x00007ff8686b0000 - 0x00007ff86877a000 	C:\Windows\SYSTEM32\DNSAPI.dll
0x00007ff86a370000 - 0x00007ff86a378000 	C:\Windows\System32\NSI.dll
0x00007ff868670000 - 0x00007ff8686aa000 	C:\Windows\SYSTEM32\IPHLPAPI.DLL
0x0000000063560000 - 0x0000000063569000 	C:\Program Files\National Instruments\Shared\mDNS Responder\nimdnsNSP.dll
0x0000000063550000 - 0x000000006355e000 	C:\Windows\SYSTEM32\nimdnsResponder.dll
0x0000000071a40000 - 0x0000000071ae3000 	C:\Windows\WinSxS\amd64_microsoft.vc90.crt_1fc8b3b9a1e18e3b_9.0.30729.9619_none_08e065a3a84109b0\MSVCR90.dll
0x00007ff85dda0000 - 0x00007ff85ddaa000 	C:\Windows\System32\rasadhlp.dll
0x00007ff85fe80000 - 0x00007ff85fef7000 	C:\Windows\System32\fwpuclnt.dll
0x00007ff8692c0000 - 0x00007ff8692e6000 	C:\Windows\System32\bcrypt.dll
0x00007ff8594d0000 - 0x00007ff8594da000 	G:\Program Files\JetBrains\IntelliJ IDEA 2019.3.2\jbr\bin\management.dll
0x00007ff8594c0000 - 0x00007ff8594cc000 	G:\Program Files\JetBrains\IntelliJ IDEA 2019.3.2\jbr\bin\management_ext.dll
0x00007ff8684d0000 - 0x00007ff868503000 	C:\Windows\system32\rsaenh.dll
0x00007ff869010000 - 0x00007ff869035000 	C:\Windows\SYSTEM32\USERENV.dll
0x00007ff868b30000 - 0x00007ff868b3c000 	C:\Windows\SYSTEM32\CRYPTBASE.dll
0x00007ff860700000 - 0x00007ff860716000 	C:\Windows\SYSTEM32\dhcpcsvc6.DLL
0x00007ff8606e0000 - 0x00007ff8606fc000 	C:\Windows\SYSTEM32\dhcpcsvc.DLL
0x00007ff851590000 - 0x00007ff8515a6000 	C:\Windows\system32\napinsp.dll
0x00007ff851570000 - 0x00007ff85158a000 	C:\Windows\system32\pnrpnsp.dll
0x00007ff851560000 - 0x00007ff85156e000 	C:\Windows\System32\winrnr.dll
0x00007ff865a40000 - 0x00007ff865a5c000 	C:\Windows\system32\NLAapi.dll
0x00007ff84c630000 - 0x00007ff84c645000 	C:\Windows\system32\wshbth.dll
0x00007ff840640000 - 0x00007ff8407e1000 	G:\Program Files\JetBrains\IntelliJ IDEA 2019.3.2\jbr\bin\awt.dll
0x00007ff86bb00000 - 0x00007ff86bbc4000 	C:\Windows\System32\OLEAUT32.dll
0x00007ff867890000 - 0x00007ff8678bd000 	C:\Windows\SYSTEM32\dwmapi.dll
0x00007ff865eb0000 - 0x00007ff866470000 	C:\Windows\SYSTEM32\d2d1.dll
0x00007ff867290000 - 0x00007ff86731f000 	C:\Windows\SYSTEM32\apphelp.dll
0x00007ff851620000 - 0x00007ff851648000 	G:\Program Files\JetBrains\IntelliJ IDEA 2019.3.2\jbr\bin\sunec.dll

dbghelp: loaded successfully - version: 4.0.5 - missing functions: none
symbol engine: initialized successfully - sym options: 0x614 - pdb path: .;G:\Program Files\JetBrains\IntelliJ IDEA 2019.3.2\jbr\bin;C:\Windows\SYSTEM32;C:\Windows\WinSxS\amd64_microsoft.windows.common-controls_6595b64144ccf1df_6.0.18362.778_none_e6c6b761130d4fb8;G:\Program Files\JetBrains\IntelliJ IDEA 2019.3.2\jbr\bin\server;G:\Program Files\JetBrains\IntelliJ IDEA 2019.3.2\bin;C:\Program Files\National Instruments\Shared\mDNS Responder;C:\Windows\WinSxS\amd64_microsoft.vc90.crt_1fc8b3b9a1e18e3b_9.0.30729.9619_none_08e065a3a84109b0

VM Arguments:
jvm_args: -XX:TieredStopAtLevel=1 -Xverify:none -Dspring.output.ansi.enabled=always -Dcom.sun.management.jmxremote -Dspring.jmx.enabled=true -Dspring.liveBeansView.mbeanDomain -Dspring.application.admin.enabled=true -javaagent:G:\Program Files\JetBrains\IntelliJ IDEA 2019.3.2\lib\idea_rt.jar=63792:G:\Program Files\JetBrains\IntelliJ IDEA 2019.3.2\bin -Dfile.encoding=UTF-8 
java_command: org.fzu.cs03.daoyun.DaoyunApplication
java_class_path (initial): G:\development\trivial-daoYun\server\target\classes;D:\maven\repository\com\baomidou\mybatis-plus-boot-starter\3.3.1.tmp\mybatis-plus-boot-starter-3.3.1.tmp.jar;D:\maven\repository\com\baomidou\mybatis-plus\3.3.1.tmp\mybatis-plus-3.3.1.tmp.jar;D:\maven\repository\com\baomidou\mybatis-plus-extension\3.3.1.tmp\mybatis-plus-extension-3.3.1.tmp.jar;D:\maven\repository\com\baomidou\mybatis-plus-core\3.3.1.tmp\mybatis-plus-core-3.3.1.tmp.jar;D:\maven\repository\com\baomidou\mybatis-plus-annotation\3.3.1.tmp\mybatis-plus-annotation-3.3.1.tmp.jar;D:\maven\repository\com\github\jsqlparser\jsqlparser\3.1\jsqlparser-3.1.jar;D:\maven\repository\org\mybatis\mybatis\3.5.3\mybatis-3.5.3.jar;D:\maven\repository\org\mybatis\mybatis-spring\2.0.3\mybatis-spring-2.0.3.jar;D:\maven\repository\org\springframework\boot\spring-boot-autoconfigure\2.2.5.RELEASE\spring-boot-autoconfigure-2.2.5.RELEASE.jar;D:\maven\repository\org\projectlombok\lombok\1.18.12\lombok-1.18.12.jar;D:\maven\repository\com\alibaba\fastjson\1.2.47\fastjson-1.2.47.jar;D:\maven\repository\org\springframework\boot\spring-boot-starter-mobile\1.5.22.RELEASE\spring-boot-starter-mobile-1.5.22.RELEASE.jar;D:\maven\repository\org\springframework\boot\spring-boot-starter\2.2.5.RELEASE\spring-boot-starter-2.2.5.RELEASE.jar;D:\maven\repository\org\springframework\boot\spring-boot-starter-logging\2.2.5.RELEASE\spring-boot-starter-logging-2.2.5.RELEASE.jar;D:\maven\repository\ch\qos\logback\logback-classic\1.2.3\logback-classic-1.2.3.jar;D:\maven\repository\ch\qos\logback\logback-core\1.2.3\logback-core-1.2.3.jar;D:\maven\repository\org\apache\logging\log4j\log4j-to-slf4j\2.12.1\log4j-to-slf4j-2.12.1.jar;D:\maven\repository\org\apache\logging\log4j\log4j-api\2.12.1\log4j-api-2.12.1.jar;D:\maven\repository\org\slf4j\jul-to-slf4j\1.7.30\jul-to-slf4j-1.7.30.jar;D:\maven\repository\jakarta\annotation\jakarta.annotation-api\1.3.5\jakarta.annotation-api-1.3.5.jar;D:\maven\repository\org\yaml\snakeyaml\1.25\s
Launcher Type: SUN_STANDARD

[Global flags]
     bool BytecodeVerificationLocal                = false                                     {product} {command line}
     bool BytecodeVerificationRemote               = false                                     {product} {command line}
     intx CICompilerCount                          = 3                                         {product} {ergonomic}
     uint ConcGCThreads                            = 1                                         {product} {ergonomic}
     uint G1ConcRefinementThreads                  = 4                                         {product} {ergonomic}
   size_t G1HeapRegionSize                         = 1048576                                   {product} {ergonomic}
    uintx GCDrainStackTargetSize                   = 64                                        {product} {ergonomic}
   size_t InitialHeapSize                          = 201326592                                 {product} {ergonomic}
     bool ManagementServer                         = true                                      {product} {command line}
   size_t MarkStackSize                            = 4194304                                   {product} {ergonomic}
   size_t MaxHeapSize                              = 3202351104                                {product} {ergonomic}
   size_t MaxNewSize                               = 1920991232                                {product} {ergonomic}
   size_t MinHeapDeltaBytes                        = 1048576                                   {product} {ergonomic}
    uintx NonNMethodCodeHeapSize                   = 6973028                                {pd product} {ergonomic}
    uintx NonProfiledCodeHeapSize                  = 244685212                              {pd product} {ergonomic}
    uintx ProfiledCodeHeapSize                     = 0                                      {pd product} {ergonomic}
    uintx ReservedCodeCacheSize                    = 251658240                              {pd product} {ergonomic}
     bool SegmentedCodeCache                       = true                                      {product} {ergonomic}
     intx TieredStopAtLevel                        = 1                                         {product} {command line}
     bool UseCompressedClassPointers               = true                                 {lp64_product} {ergonomic}
     bool UseCompressedOops                        = true                                 {lp64_product} {ergonomic}
     bool UseG1GC                                  = true                                      {product} {ergonomic}
     bool UseLargePagesIndividualAllocation        = false                                  {pd product} {ergonomic}

Logging:
Log output configuration:
 #0: stdout all=warning uptime,level,tags
 #1: stderr all=off uptime,level,tags

Environment Variables:
JAVA_HOME=E:\Java\java1.8.0
CLASSPATH=E:\Java\java1.8.0\lib\dt.jar;E:\Java\java1.8.0\lib\tools.jar
PATH=C:\Windows\system32;C:\Windows;C:\Windows\System32\Wbem;C:\Windows\System32\WindowsPowerShell\v1.0\;C:\Windows\System32\OpenSSH\;E:\TortoiseSVN\bin;E:\Anaconda\Scripts;E:\CMake\bin;E:\Mahout0.12\apache-mahout-distribution-0.12.2\bin;E:\hadoop-2.8.3\hadoop-2.8.3\bin;E:\Java\java1.8.0\bin;C:\Program Files\dotnet\;G:\Program Files\MATLAB\R2017b\runtime\win64;G:\Program Files\MATLAB\R2017b\bin;E:\Program Files\CMake\bin;E:\Program Files (x86)\Graphviz2.38\bin;E:\Program Files\doxygen\bin;E:\Program Files (x86)\win_flex_bison-latest;E:\Anaconda;E:\Program Files\mingw64\;E:\Program Files\MinGW\msys\1.0\bin;E:\Program Files\mingw64\bin;E:\Git\cmd;E:\Program Files\MiKTeX 2.9\miktex\bin\x64\;E:\Program Files (x86)\Graphviz2.38\include;;C:\Program Files (x86)\NVIDIA Corporation\PhysX\Common;C:\Program Files\MySQL\MySQL Shell 8.0\bin\;C:\Users\49756\AppData\Local\Microsoft\WindowsApps;G:\Program Files\JetBrains\PyCharm 2019.2.1\bin;;G:\Program Files\Microsoft VS Code\bin;;G:\Program Files\JetBrains\IntelliJ IDEA 2019.3.2\bin;
USERNAME=Mu.xx
OS=Windows_NT
PROCESSOR_IDENTIFIER=Intel64 Family 6 Model 60 Stepping 3, GenuineIntel



---------------  S Y S T E M  ---------------

OS: Windows 10 , 64 bit Build 18362 (10.0.18362.778)

CPU:total 4 (initial active 4) (2 cores per cpu, 2 threads per core) family 6 model 60 stepping 3, cmov, cx8, fxsr, mmx, sse, sse2, sse3, ssse3, sse4.1, sse4.2, popcnt, avx, avx2, aes, clmul, erms, lzcnt, ht, tsc, tscinvbit, bmi1, bmi2, fma

Memory: 4k page, system-wide physical 12210M (3266M free)
TotalPageFile size 27858M (AvailPageFile size 5M)
current process WorkingSet (physical memory assigned to process): 249M, peak: 250M
current process commit charge ("private bytes"): 341M, peak: 342M

vm_info: OpenJDK 64-Bit Server VM (11.0.5+10-b520.30) for windows-amd64 JRE (11.0.5+10-b520.30), built on Dec 24 2019 12:06:09 by "" with MS VC++ 14.0 (VS2015)

END.
