#
# There is insufficient memory for the Java Runtime Environment to continue.
# Native memory allocation (mmap) failed to map 40894464 bytes for Failed to commit area from 0x000000074d200000 to 0x000000074f900000 of length 40894464.
# Possible reasons:
#   The system is out of physical RAM or swap space
#   The process is running with CompressedOops enabled, and the Java Heap may be blocking the growth of the native heap
# Possible solutions:
#   Reduce memory load on the system
#   Increase physical memory or swap space
#   Check if swap backing store is full
#   Decrease Java heap size (-Xmx/-Xms)
#   Decrease number of Java threads
#   Decrease Java thread stack sizes (-Xss)
#   Set larger code cache with -XX:ReservedCodeCacheSize=
#   JVM is running with Zero Based Compressed Oops mode in which the Java heap is
#     placed in the first 32GB address space. The Java Heap base address is the
#     maximum limit for the native heap growth. Please use -XX:HeapBaseMinAddress
#     to set the Java Heap base and to place the Java Heap above 32GB virtual address.
# This output file may be truncated or incomplete.
#
#  Out of Memory Error (c:/BuildAgent/work/5ff2f6c26000d570/src/hotspot/os/windows/os_windows.cpp:3291), pid=22936, tid=27424
#
# JRE version: OpenJDK Runtime Environment (11.0.5+10) (build 11.0.5+10-b520.30)
# Java VM: OpenJDK 64-Bit Server VM (11.0.5+10-b520.30, mixed mode, sharing, tiered, compressed oops, g1 gc, windows-amd64)
# No core dump will be written. Minidumps are not enabled by default on client versions of Windows
#

---------------  S U M M A R Y ------------

Command Line: -XX:TieredStopAtLevel=1 -Xverify:none -Dspring.output.ansi.enabled=always -Dcom.sun.management.jmxremote -Dspring.jmx.enabled=true -Dspring.liveBeansView.mbeanDomain -Dspring.application.admin.enabled=true -javaagent:G:\Program Files\JetBrains\IntelliJ IDEA 2019.3.2\lib\idea_rt.jar=63931:G:\Program Files\JetBrains\IntelliJ IDEA 2019.3.2\bin -Dfile.encoding=UTF-8 org.fzu.cs03.daoyun.DaoyunApplication

Host: Intel(R) Core(TM) i5-4210M CPU @ 2.60GHz, 4 cores, 11G,  Windows 10 , 64 bit Build 18362 (10.0.18362.778)
Time: Sat May 16 18:08:57 2020 ?D1¨²¡À¨º¡Á?¨º¡À?? elapsed time: 26 seconds (0d 0h 0m 26s)

---------------  T H R E A D  ---------------

Current thread (0x0000012b66f34800):  VMThread "VM Thread" [stack: 0x0000000100b00000,0x0000000100c00000] [id=27424]

Stack: [0x0000000100b00000,0x0000000100c00000]
[error occurred during error reporting (printing stack bounds), id 0xc0000005, EXCEPTION_ACCESS_VIOLATION (0xc0000005) at pc=0x0000012b4e110dad]

Native frames: (J=compiled Java code, j=interpreted, Vv=VM code, C=native code)
V  [jvm.dll+0x5dcafa]
V  [jvm.dll+0x70e375]
V  [jvm.dll+0x70f898]
V  [jvm.dll+0x70fec5]
V  [jvm.dll+0x70fe7b]
V  [jvm.dll+0x5dc288]
V  [jvm.dll+0x5dc6e8]
C  [ntdll.dll+0xa11cf]
C  [ntdll.dll+0x6a209]
C  [ntdll.dll+0x9fe3e]
C  0x0000012b4e110dad

VM_Operation (0x0000000102df8e40): CollectForMetadataAllocation, mode: safepoint, requested by thread 0x0000012b695f5800


---------------  P R O C E S S  ---------------

Threads class SMR info:
_java_thread_list=0x0000012b692fedd0, length=38, elements={
0x0000012b66f39800, 0x0000012b66f3b000, 0x0000012b677c6800, 0x0000012b677c7000,
0x0000012b677c8000, 0x0000012b677cf800, 0x0000012b66f1b800, 0x0000012b67bad800,
0x0000012b67bae000, 0x0000012b67dba800, 0x0000012b68c36000, 0x0000012b68c1c800,
0x0000012b6785a800, 0x0000012b6785b000, 0x0000012b6785e000, 0x0000012b692d8800,
0x0000012b6805d000, 0x0000012b6805e000, 0x0000012b6805f800, 0x0000012b6805e800,
0x0000012b695f0000, 0x0000012b695f2800, 0x0000012b695f4000, 0x0000012b695f5000,
0x0000012b695ef000, 0x0000012b695f5800, 0x0000012b695f3000, 0x0000012b695f6800,
0x0000012b695f0800, 0x0000012b695f7000, 0x0000012b695f1800, 0x0000012b695fd000,
0x0000012b695f9000, 0x0000012b695fe000, 0x0000012b695f8000, 0x0000012b695f9800,
0x0000012b695fa800, 0x0000012b695fb800
}

Java Threads: ( => current thread )
  0x0000012b66f39800 JavaThread "Reference Handler" daemon [_thread_blocked, id=6968, stack(0x0000000100c00000,0x0000000100d00000)]
  0x0000012b66f3b000 JavaThread "Finalizer" daemon [_thread_blocked, id=34404, stack(0x0000000100d00000,0x0000000100e00000)]
  0x0000012b677c6800 JavaThread "Signal Dispatcher" daemon [_thread_blocked, id=31368, stack(0x0000000100e00000,0x0000000100f00000)]
  0x0000012b677c7000 JavaThread "Attach Listener" daemon [_thread_blocked, id=8400, stack(0x0000000100f00000,0x0000000101000000)]
  0x0000012b677c8000 JavaThread "C1 CompilerThread0" daemon [_thread_blocked, id=10052, stack(0x0000000101000000,0x0000000101100000)]
  0x0000012b677cf800 JavaThread "Sweeper thread" daemon [_thread_blocked, id=11680, stack(0x0000000101100000,0x0000000101200000)]
  0x0000012b66f1b800 JavaThread "Common-Cleaner" daemon [_thread_blocked, id=15644, stack(0x0000000101200000,0x0000000101300000)]
  0x0000012b67bad800 JavaThread "Monitor Ctrl-Break" daemon [_thread_in_native, id=18400, stack(0x0000000101300000,0x0000000101400000)]
  0x0000012b67bae000 JavaThread "Service Thread" daemon [_thread_blocked, id=25984, stack(0x0000000101400000,0x0000000101500000)]
  0x0000012b67dba800 JavaThread "RMI TCP Accept-0" daemon [_thread_in_native, id=6324, stack(0x0000000101600000,0x0000000101700000)]
  0x0000012b68c36000 JavaThread "RMI TCP Connection(idle)" daemon [_thread_blocked, id=18408, stack(0x0000000101e00000,0x0000000101f00000)]
  0x0000012b68c1c800 JavaThread "RMI Scheduler(0)" daemon [_thread_blocked, id=30928, stack(0x0000000101f00000,0x0000000102000000)]
  0x0000012b6785a800 JavaThread "Catalina-utility-1" [_thread_blocked, id=24212, stack(0x0000000102000000,0x0000000102100000)]
  0x0000012b6785b000 JavaThread "Catalina-utility-2" [_thread_blocked, id=20040, stack(0x0000000102100000,0x0000000102200000)]
  0x0000012b6785e000 JavaThread "container-0" [_thread_blocked, id=16832, stack(0x0000000102200000,0x0000000102300000)]
  0x0000012b692d8800 JavaThread "mysql-cj-abandoned-connection-cleanup" daemon [_thread_blocked, id=10960, stack(0x0000000102300000,0x0000000102400000)]
  0x0000012b6805d000 JavaThread "ForkJoinPool.commonPool-worker-3" daemon [_thread_blocked, id=5700, stack(0x0000000102400000,0x0000000102500000)]
  0x0000012b6805e000 JavaThread "ForkJoinPool.commonPool-worker-5" daemon [_thread_blocked, id=4300, stack(0x0000000102500000,0x0000000102600000)]
  0x0000012b6805f800 JavaThread "ForkJoinPool.commonPool-worker-7" daemon [_thread_blocked, id=23432, stack(0x0000000102600000,0x0000000102700000)]
  0x0000012b6805e800 JavaThread "File Watcher" daemon [_thread_blocked, id=2548, stack(0x0000000102700000,0x0000000102800000)]
  0x0000012b695f0000 JavaThread "Live Reload Server" daemon [_thread_in_native, id=26440, stack(0x0000000102900000,0x0000000102a00000)]
  0x0000012b695f2800 JavaThread "http-nio-0.0.0.0-8080-BlockPoller" daemon [_thread_blocked, id=28916, stack(0x0000000102800000,0x0000000102900000)]
  0x0000012b695f4000 JavaThread "http-nio-0.0.0.0-8080-exec-1" daemon [_thread_blocked, id=19784, stack(0x0000000102a00000,0x0000000102b00000)]
  0x0000012b695f5000 JavaThread "http-nio-0.0.0.0-8080-exec-2" daemon [_thread_blocked, id=21540, stack(0x0000000102b00000,0x0000000102c00000)]
  0x0000012b695ef000 JavaThread "http-nio-0.0.0.0-8080-exec-3" daemon [_thread_blocked, id=18212, stack(0x0000000102c00000,0x0000000102d00000)]
  0x0000012b695f5800 JavaThread "http-nio-0.0.0.0-8080-exec-4" daemon [_thread_blocked, id=18772, stack(0x0000000102d00000,0x0000000102e00000)]
  0x0000012b695f3000 JavaThread "http-nio-0.0.0.0-8080-exec-5" daemon [_thread_blocked, id=28948, stack(0x0000000102e00000,0x0000000102f00000)]
  0x0000012b695f6800 JavaThread "http-nio-0.0.0.0-8080-exec-6" daemon [_thread_blocked, id=17484, stack(0x0000000102f00000,0x0000000103000000)]
  0x0000012b695f0800 JavaThread "http-nio-0.0.0.0-8080-exec-7" daemon [_thread_blocked, id=14924, stack(0x0000000103000000,0x0000000103100000)]
  0x0000012b695f7000 JavaThread "http-nio-0.0.0.0-8080-exec-8" daemon [_thread_blocked, id=4120, stack(0x0000000103100000,0x0000000103200000)]
  0x0000012b695f1800 JavaThread "http-nio-0.0.0.0-8080-exec-9" daemon [_thread_blocked, id=2804, stack(0x0000000103200000,0x0000000103300000)]
  0x0000012b695fd000 JavaThread "http-nio-0.0.0.0-8080-exec-10" daemon [_thread_blocked, id=3328, stack(0x0000000103300000,0x0000000103400000)]
  0x0000012b695f9000 JavaThread "http-nio-0.0.0.0-8080-ClientPoller" daemon [_thread_in_native, id=14600, stack(0x0000000103400000,0x0000000103500000)]
  0x0000012b695fe000 JavaThread "http-nio-0.0.0.0-8080-Acceptor" daemon [_thread_in_native, id=27840, stack(0x0000000103500000,0x0000000103600000)]
  0x0000012b695f8000 JavaThread "DestroyJavaVM" [_thread_blocked, id=13184, stack(0x0000000100500000,0x0000000100600000)]
  0x0000012b695f9800 JavaThread "RMI TCP Connection(3)-169.254.55.123" daemon [_thread_in_native, id=8960, stack(0x0000000101c00000,0x0000000101d00000)]
  0x0000012b695fa800 JavaThread "HikariPool-1 housekeeper" daemon [_thread_blocked, id=35256, stack(0x0000000103600000,0x0000000103700000)]
  0x0000012b695fb800 JavaThread "HikariPool-1 connection adder" daemon [_thread_blocked, id=14192, stack(0x0000000103700000,0x0000000103800000)]

Other Threads:
=>0x0000012b66f34800 VMThread "VM Thread" [stack: 0x0000000100b00000,0x0000000100c00000] [id=27424]
  0x0000012b67da9000 WatcherThread [stack: 0x0000000101700000,0x0000000101800000] [id=5940]
  0x0000012b48861000 GCTaskThread "GC Thread#0" [stack: 0x0000000100600000,0x0000000100700000] [id=31424]
  0x0000012b67e8d800 GCTaskThread "GC Thread#1" [stack: 0x0000000101800000,0x0000000101900000] [id=23528]
  0x0000012b67e8e800 GCTaskThread "GC Thread#2" [stack: 0x0000000101900000,0x0000000101a00000] [id=6020]
  0x0000012b67e8f000 GCTaskThread "GC Thread#3" [stack: 0x0000000101a00000,0x0000000101b00000] [id=28356]
  0x0000012b488a9000 ConcurrentGCThread "G1 Main Marker" [stack: 0x0000000100700000,0x0000000100800000] [id=76]
  0x0000012b488aa000 ConcurrentGCThread "G1 Conc#0" [stack: 0x0000000100800000,0x0000000100900000] [id=6980]
  0x0000012b66dc7000 ConcurrentGCThread "G1 Refine#0" [stack: 0x0000000100900000,0x0000000100a00000] [id=34240]
  0x0000012b67b49000 ConcurrentGCThread "G1 Refine#1" [stack: 0x0000000101b00000,0x0000000101c00000] [id=12488]
  0x0000012b66dc8000 ConcurrentGCThread "G1 Young RemSet Sampling" [stack: 0x0000000100a00000,0x0000000100b00000] [id=24976]

Threads with active compile tasks:

VM state:at safepoint (normal execution)

VM Mutex/Monitor currently owned by a thread:  ([mutex/lock_event])
[0x0000012b48844c60] Threads_lock - owner thread: 0x0000012b66f34800
[0x0000012b48843820] Heap_lock - owner thread: 0x0000012b695f5800

Heap address: 0x0000000741200000, size: 3054 MB, Compressed Oops mode: Zero based, Oop shift amount: 3
Narrow klass base: 0x0000000800000000, Narrow klass shift: 3
Compressed class space size: 1073741824 Address: 0x0000000840000000

Heap:
 garbage-first heap   total 236544K, used 26624K [0x0000000741200000, 0x0000000800000000)
  region size 1024K, 11 young (11264K), 11 survivors (11264K)
 Metaspace       used 45422K, capacity 47014K, committed 47132K, reserved 1095680K
  class space    used 5873K, capacity 6518K, committed 6604K, reserved 1048576K
Heap Regions: E=young(eden), S=young(survivor), O=old, HS=humongous(starts), HC=humongous(continues), CS=collection set, F=free, A=archive, TAMS=top-at-mark-start (previous, next)
|   0|0x0000000741200000, 0x0000000741300000, 0x0000000741300000|100%| O|  |TAMS 0x0000000741300000, 0x0000000741300000| Untracked 
|   1|0x0000000741300000, 0x0000000741400000, 0x0000000741400000|100%| O|  |TAMS 0x0000000741400000, 0x0000000741400000| Untracked 
|   2|0x0000000741400000, 0x0000000741500000, 0x0000000741500000|100%| O|  |TAMS 0x0000000741500000, 0x0000000741500000| Untracked 
|   3|0x0000000741500000, 0x0000000741600000, 0x0000000741600000|100%| O|  |TAMS 0x0000000741600000, 0x0000000741600000| Untracked 
|   4|0x0000000741600000, 0x0000000741700000, 0x0000000741700000|100%| O|  |TAMS 0x0000000741700000, 0x0000000741700000| Untracked 
|   5|0x0000000741700000, 0x0000000741800000, 0x0000000741800000|100%| O|  |TAMS 0x0000000741800000, 0x0000000741800000| Untracked 
|   6|0x0000000741800000, 0x0000000741900000, 0x0000000741900000|100%| O|  |TAMS 0x0000000741900000, 0x0000000741900000| Untracked 
|   7|0x0000000741900000, 0x0000000741a00000, 0x0000000741a00000|100%| O|  |TAMS 0x0000000741a00000, 0x0000000741a00000| Untracked 
|   8|0x0000000741a00000, 0x0000000741b00000, 0x0000000741b00000|100%| O|  |TAMS 0x0000000741a52800, 0x0000000741b00000| Untracked 
|   9|0x0000000741b00000, 0x0000000741c00000, 0x0000000741c00000|100%| O|  |TAMS 0x0000000741b00000, 0x0000000741c00000| Untracked 
|  10|0x0000000741c00000, 0x0000000741d00000, 0x0000000741d00000|100%| O|  |TAMS 0x0000000741c00000, 0x0000000741d00000| Untracked 
|  11|0x0000000741d00000, 0x0000000741e00000, 0x0000000741e00000|100%| O|  |TAMS 0x0000000741d00000, 0x0000000741e00000| Untracked 
|  12|0x0000000741e00000, 0x0000000741f00000, 0x0000000741f00000|100%| O|  |TAMS 0x0000000741e00000, 0x0000000741f00000| Untracked 
|  13|0x0000000741f00000, 0x0000000742000000, 0x0000000742000000|100%| O|  |TAMS 0x0000000741f00000, 0x0000000742000000| Untracked 
|  14|0x0000000742000000, 0x0000000742100000, 0x0000000742100000|100%| O|  |TAMS 0x0000000742000000, 0x0000000742100000| Untracked 
|  15|0x0000000742100000, 0x0000000742100000, 0x0000000742200000|  0%| F|  |TAMS 0x0000000742100000, 0x0000000742100000| Untracked 
|  16|0x0000000742200000, 0x0000000742200000, 0x0000000742300000|  0%| F|  |TAMS 0x0000000742200000, 0x0000000742200000| Untracked 
|  17|0x0000000742300000, 0x0000000742300000, 0x0000000742400000|  0%| F|  |TAMS 0x0000000742300000, 0x0000000742300000| Untracked 
|  18|0x0000000742400000, 0x0000000742400000, 0x0000000742500000|  0%| F|  |TAMS 0x0000000742400000, 0x0000000742400000| Untracked 
|  19|0x0000000742500000, 0x0000000742500000, 0x0000000742600000|  0%| F|  |TAMS 0x0000000742500000, 0x0000000742500000| Untracked 
|  20|0x0000000742600000, 0x0000000742600000, 0x0000000742700000|  0%| F|  |TAMS 0x0000000742600000, 0x0000000742600000| Untracked 
|  21|0x0000000742700000, 0x0000000742700000, 0x0000000742800000|  0%| F|  |TAMS 0x0000000742700000, 0x0000000742700000| Untracked 
|  22|0x0000000742800000, 0x0000000742800000, 0x0000000742900000|  0%| F|  |TAMS 0x0000000742800000, 0x0000000742800000| Untracked 
|  23|0x0000000742900000, 0x0000000742900000, 0x0000000742a00000|  0%| F|  |TAMS 0x0000000742900000, 0x0000000742900000| Untracked 
|  24|0x0000000742a00000, 0x0000000742a00000, 0x0000000742b00000|  0%| F|  |TAMS 0x0000000742a00000, 0x0000000742a00000| Untracked 
|  25|0x0000000742b00000, 0x0000000742b00000, 0x0000000742c00000|  0%| F|  |TAMS 0x0000000742b00000, 0x0000000742b00000| Untracked 
|  26|0x0000000742c00000, 0x0000000742c00000, 0x0000000742d00000|  0%| F|  |TAMS 0x0000000742c00000, 0x0000000742c00000| Untracked 
|  27|0x0000000742d00000, 0x0000000742d00000, 0x0000000742e00000|  0%| F|  |TAMS 0x0000000742d00000, 0x0000000742d00000| Untracked 
|  28|0x0000000742e00000, 0x0000000742e00000, 0x0000000742f00000|  0%| F|  |TAMS 0x0000000742e00000, 0x0000000742e00000| Untracked 
|  29|0x0000000742f00000, 0x0000000742f00000, 0x0000000743000000|  0%| F|  |TAMS 0x0000000742f00000, 0x0000000742f00000| Untracked 
|  30|0x0000000743000000, 0x0000000743000000, 0x0000000743100000|  0%| F|  |TAMS 0x0000000743000000, 0x0000000743000000| Untracked 
|  31|0x0000000743100000, 0x0000000743100000, 0x0000000743200000|  0%| F|  |TAMS 0x0000000743100000, 0x0000000743100000| Untracked 
|  32|0x0000000743200000, 0x0000000743200000, 0x0000000743300000|  0%| F|  |TAMS 0x0000000743200000, 0x0000000743200000| Untracked 
|  33|0x0000000743300000, 0x0000000743300000, 0x0000000743400000|  0%| F|  |TAMS 0x0000000743300000, 0x0000000743300000| Untracked 
|  34|0x0000000743400000, 0x0000000743400000, 0x0000000743500000|  0%| F|  |TAMS 0x0000000743400000, 0x0000000743400000| Untracked 
|  35|0x0000000743500000, 0x0000000743500000, 0x0000000743600000|  0%| F|  |TAMS 0x0000000743500000, 0x0000000743500000| Untracked 
|  36|0x0000000743600000, 0x0000000743600000, 0x0000000743700000|  0%| F|  |TAMS 0x0000000743600000, 0x0000000743600000| Untracked 
|  37|0x0000000743700000, 0x0000000743700000, 0x0000000743800000|  0%| F|  |TAMS 0x0000000743700000, 0x0000000743700000| Untracked 
|  38|0x0000000743800000, 0x0000000743800000, 0x0000000743900000|  0%| F|  |TAMS 0x0000000743800000, 0x0000000743800000| Untracked 
|  39|0x0000000743900000, 0x0000000743900000, 0x0000000743a00000|  0%| F|  |TAMS 0x0000000743900000, 0x0000000743900000| Untracked 
|  40|0x0000000743a00000, 0x0000000743a00000, 0x0000000743b00000|  0%| F|  |TAMS 0x0000000743a00000, 0x0000000743a00000| Untracked 
|  41|0x0000000743b00000, 0x0000000743b00000, 0x0000000743c00000|  0%| F|  |TAMS 0x0000000743b00000, 0x0000000743b00000| Untracked 
|  42|0x0000000743c00000, 0x0000000743c00000, 0x0000000743d00000|  0%| F|  |TAMS 0x0000000743c00000, 0x0000000743c00000| Untracked 
|  43|0x0000000743d00000, 0x0000000743d00000, 0x0000000743e00000|  0%| F|  |TAMS 0x0000000743d00000, 0x0000000743d00000| Untracked 
|  44|0x0000000743e00000, 0x0000000743e00000, 0x0000000743f00000|  0%| F|  |TAMS 0x0000000743e00000, 0x0000000743e00000| Untracked 
|  45|0x0000000743f00000, 0x0000000743f00000, 0x0000000744000000|  0%| F|  |TAMS 0x0000000743f00000, 0x0000000743f00000| Untracked 
|  46|0x0000000744000000, 0x0000000744000000, 0x0000000744100000|  0%| F|  |TAMS 0x0000000744000000, 0x0000000744000000| Untracked 
|  47|0x0000000744100000, 0x0000000744100000, 0x0000000744200000|  0%| F|  |TAMS 0x0000000744100000, 0x0000000744100000| Untracked 
|  48|0x0000000744200000, 0x0000000744200000, 0x0000000744300000|  0%| F|  |TAMS 0x0000000744200000, 0x0000000744200000| Untracked 
|  49|0x0000000744300000, 0x0000000744300000, 0x0000000744400000|  0%| F|  |TAMS 0x0000000744300000, 0x0000000744300000| Untracked 
|  50|0x0000000744400000, 0x0000000744400000, 0x0000000744500000|  0%| F|  |TAMS 0x0000000744400000, 0x0000000744400000| Untracked 
|  51|0x0000000744500000, 0x0000000744500000, 0x0000000744600000|  0%| F|  |TAMS 0x0000000744500000, 0x0000000744500000| Untracked 
|  52|0x0000000744600000, 0x0000000744600000, 0x0000000744700000|  0%| F|  |TAMS 0x0000000744600000, 0x0000000744600000| Untracked 
|  53|0x0000000744700000, 0x0000000744700000, 0x0000000744800000|  0%| F|  |TAMS 0x0000000744700000, 0x0000000744700000| Untracked 
|  54|0x0000000744800000, 0x0000000744800000, 0x0000000744900000|  0%| F|  |TAMS 0x0000000744800000, 0x0000000744800000| Untracked 
|  55|0x0000000744900000, 0x0000000744900000, 0x0000000744a00000|  0%| F|  |TAMS 0x0000000744900000, 0x0000000744900000| Untracked 
|  56|0x0000000744a00000, 0x0000000744a00000, 0x0000000744b00000|  0%| F|  |TAMS 0x0000000744a00000, 0x0000000744a00000| Untracked 
|  57|0x0000000744b00000, 0x0000000744b00000, 0x0000000744c00000|  0%| F|  |TAMS 0x0000000744b00000, 0x0000000744b00000| Untracked 
|  58|0x0000000744c00000, 0x0000000744c00000, 0x0000000744d00000|  0%| F|  |TAMS 0x0000000744c00000, 0x0000000744c00000| Untracked 
|  59|0x0000000744d00000, 0x0000000744d00000, 0x0000000744e00000|  0%| F|  |TAMS 0x0000000744d00000, 0x0000000744d00000| Untracked 
|  60|0x0000000744e00000, 0x0000000744e00000, 0x0000000744f00000|  0%| F|  |TAMS 0x0000000744e00000, 0x0000000744e00000| Untracked 
|  61|0x0000000744f00000, 0x0000000744f00000, 0x0000000745000000|  0%| F|  |TAMS 0x0000000744f00000, 0x0000000744f00000| Untracked 
|  62|0x0000000745000000, 0x0000000745000000, 0x0000000745100000|  0%| F|  |TAMS 0x0000000745000000, 0x0000000745000000| Untracked 
|  63|0x0000000745100000, 0x0000000745100000, 0x0000000745200000|  0%| F|  |TAMS 0x0000000745100000, 0x0000000745100000| Untracked 
|  64|0x0000000745200000, 0x0000000745200000, 0x0000000745300000|  0%| F|  |TAMS 0x0000000745200000, 0x0000000745200000| Untracked 
|  65|0x0000000745300000, 0x0000000745300000, 0x0000000745400000|  0%| F|  |TAMS 0x0000000745300000, 0x0000000745300000| Untracked 
|  66|0x0000000745400000, 0x0000000745400000, 0x0000000745500000|  0%| F|  |TAMS 0x0000000745400000, 0x0000000745400000| Untracked 
|  67|0x0000000745500000, 0x0000000745500000, 0x0000000745600000|  0%| F|  |TAMS 0x0000000745500000, 0x0000000745500000| Untracked 
|  68|0x0000000745600000, 0x0000000745600000, 0x0000000745700000|  0%| F|  |TAMS 0x0000000745600000, 0x0000000745600000| Untracked 
|  69|0x0000000745700000, 0x0000000745700000, 0x0000000745800000|  0%| F|  |TAMS 0x0000000745700000, 0x0000000745700000| Untracked 
|  70|0x0000000745800000, 0x0000000745800000, 0x0000000745900000|  0%| F|  |TAMS 0x0000000745800000, 0x0000000745800000| Untracked 
|  71|0x0000000745900000, 0x0000000745900000, 0x0000000745a00000|  0%| F|  |TAMS 0x0000000745900000, 0x0000000745900000| Untracked 
|  72|0x0000000745a00000, 0x0000000745a00000, 0x0000000745b00000|  0%| F|  |TAMS 0x0000000745a00000, 0x0000000745a00000| Untracked 
|  73|0x0000000745b00000, 0x0000000745b00000, 0x0000000745c00000|  0%| F|  |TAMS 0x0000000745b00000, 0x0000000745b00000| Untracked 
|  74|0x0000000745c00000, 0x0000000745c00000, 0x0000000745d00000|  0%| F|  |TAMS 0x0000000745c00000, 0x0000000745c00000| Untracked 
|  75|0x0000000745d00000, 0x0000000745d00000, 0x0000000745e00000|  0%| F|  |TAMS 0x0000000745d00000, 0x0000000745d00000| Untracked 
|  76|0x0000000745e00000, 0x0000000745e00000, 0x0000000745f00000|  0%| F|  |TAMS 0x0000000745e00000, 0x0000000745e00000| Untracked 
|  77|0x0000000745f00000, 0x0000000745f00000, 0x0000000746000000|  0%| F|  |TAMS 0x0000000745f00000, 0x0000000745f00000| Untracked 
|  78|0x0000000746000000, 0x0000000746000000, 0x0000000746100000|  0%| F|  |TAMS 0x0000000746000000, 0x0000000746000000| Untracked 
|  79|0x0000000746100000, 0x0000000746100000, 0x0000000746200000|  0%| F|  |TAMS 0x0000000746100000, 0x0000000746100000| Untracked 
|  80|0x0000000746200000, 0x0000000746200000, 0x0000000746300000|  0%| F|  |TAMS 0x0000000746200000, 0x0000000746200000| Untracked 
|  81|0x0000000746300000, 0x0000000746300000, 0x0000000746400000|  0%| F|  |TAMS 0x0000000746300000, 0x0000000746300000| Untracked 
|  82|0x0000000746400000, 0x0000000746400000, 0x0000000746500000|  0%| F|  |TAMS 0x0000000746400000, 0x0000000746400000| Untracked 
|  83|0x0000000746500000, 0x0000000746500000, 0x0000000746600000|  0%| F|  |TAMS 0x0000000746500000, 0x0000000746500000| Untracked 
|  84|0x0000000746600000, 0x0000000746600000, 0x0000000746700000|  0%| F|  |TAMS 0x0000000746600000, 0x0000000746600000| Untracked 
|  85|0x0000000746700000, 0x0000000746700000, 0x0000000746800000|  0%| F|  |TAMS 0x0000000746700000, 0x0000000746700000| Untracked 
|  86|0x0000000746800000, 0x0000000746800000, 0x0000000746900000|  0%| F|  |TAMS 0x0000000746800000, 0x0000000746800000| Untracked 
|  87|0x0000000746900000, 0x0000000746900000, 0x0000000746a00000|  0%| F|  |TAMS 0x0000000746900000, 0x0000000746900000| Untracked 
|  88|0x0000000746a00000, 0x0000000746a00000, 0x0000000746b00000|  0%| F|  |TAMS 0x0000000746a00000, 0x0000000746a00000| Untracked 
|  89|0x0000000746b00000, 0x0000000746b00000, 0x0000000746c00000|  0%| F|  |TAMS 0x0000000746b00000, 0x0000000746b00000| Untracked 
|  90|0x0000000746c00000, 0x0000000746c00000, 0x0000000746d00000|  0%| F|  |TAMS 0x0000000746c00000, 0x0000000746c00000| Untracked 
|  91|0x0000000746d00000, 0x0000000746d00000, 0x0000000746e00000|  0%| F|  |TAMS 0x0000000746d00000, 0x0000000746d00000| Untracked 
|  92|0x0000000746e00000, 0x0000000746e00000, 0x0000000746f00000|  0%| F|  |TAMS 0x0000000746e00000, 0x0000000746e00000| Untracked 
|  93|0x0000000746f00000, 0x0000000746f00000, 0x0000000747000000|  0%| F|  |TAMS 0x0000000746f00000, 0x0000000746f00000| Untracked 
|  94|0x0000000747000000, 0x0000000747000000, 0x0000000747100000|  0%| F|  |TAMS 0x0000000747000000, 0x0000000747000000| Untracked 
|  95|0x0000000747100000, 0x0000000747100000, 0x0000000747200000|  0%| F|  |TAMS 0x0000000747100000, 0x0000000747100000| Untracked 
|  96|0x0000000747200000, 0x0000000747200000, 0x0000000747300000|  0%| F|  |TAMS 0x0000000747200000, 0x0000000747200000| Untracked 
|  97|0x0000000747300000, 0x0000000747300000, 0x0000000747400000|  0%| F|  |TAMS 0x0000000747300000, 0x0000000747300000| Untracked 
|  98|0x0000000747400000, 0x0000000747400000, 0x0000000747500000|  0%| F|  |TAMS 0x0000000747400000, 0x0000000747400000| Untracked 
|  99|0x0000000747500000, 0x0000000747500000, 0x0000000747600000|  0%| F|  |TAMS 0x0000000747500000, 0x0000000747500000| Untracked 
| 100|0x0000000747600000, 0x0000000747600000, 0x0000000747700000|  0%| F|  |TAMS 0x0000000747600000, 0x0000000747600000| Untracked 
| 101|0x0000000747700000, 0x0000000747700000, 0x0000000747800000|  0%| F|  |TAMS 0x0000000747700000, 0x0000000747700000| Untracked 
| 102|0x0000000747800000, 0x0000000747800000, 0x0000000747900000|  0%| F|  |TAMS 0x0000000747800000, 0x0000000747800000| Untracked 
| 103|0x0000000747900000, 0x0000000747900000, 0x0000000747a00000|  0%| F|  |TAMS 0x0000000747900000, 0x0000000747900000| Untracked 
| 104|0x0000000747a00000, 0x0000000747a00000, 0x0000000747b00000|  0%| F|  |TAMS 0x0000000747a00000, 0x0000000747a00000| Untracked 
| 105|0x0000000747b00000, 0x0000000747b00000, 0x0000000747c00000|  0%| F|  |TAMS 0x0000000747b00000, 0x0000000747b00000| Untracked 
| 106|0x0000000747c00000, 0x0000000747c00000, 0x0000000747d00000|  0%| F|  |TAMS 0x0000000747c00000, 0x0000000747c00000| Untracked 
| 107|0x0000000747d00000, 0x0000000747d00000, 0x0000000747e00000|  0%| F|  |TAMS 0x0000000747d00000, 0x0000000747d00000| Untracked 
| 108|0x0000000747e00000, 0x0000000747e00000, 0x0000000747f00000|  0%| F|  |TAMS 0x0000000747e00000, 0x0000000747e00000| Untracked 
| 109|0x0000000747f00000, 0x0000000747f00000, 0x0000000748000000|  0%| F|  |TAMS 0x0000000747f00000, 0x0000000747f00000| Untracked 
| 110|0x0000000748000000, 0x0000000748000000, 0x0000000748100000|  0%| F|  |TAMS 0x0000000748000000, 0x0000000748000000| Untracked 
| 111|0x0000000748100000, 0x0000000748100000, 0x0000000748200000|  0%| F|  |TAMS 0x0000000748100000, 0x0000000748100000| Untracked 
| 112|0x0000000748200000, 0x0000000748200000, 0x0000000748300000|  0%| F|  |TAMS 0x0000000748200000, 0x0000000748200000| Untracked 
| 113|0x0000000748300000, 0x0000000748300000, 0x0000000748400000|  0%| F|  |TAMS 0x0000000748300000, 0x0000000748300000| Untracked 
| 114|0x0000000748400000, 0x0000000748400000, 0x0000000748500000|  0%| F|  |TAMS 0x0000000748400000, 0x0000000748400000| Untracked 
| 115|0x0000000748500000, 0x0000000748500000, 0x0000000748600000|  0%| F|  |TAMS 0x0000000748500000, 0x0000000748500000| Untracked 
| 116|0x0000000748600000, 0x0000000748600000, 0x0000000748700000|  0%| F|  |TAMS 0x0000000748600000, 0x0000000748600000| Untracked 
| 117|0x0000000748700000, 0x0000000748700000, 0x0000000748800000|  0%| F|  |TAMS 0x0000000748700000, 0x0000000748700000| Untracked 
| 118|0x0000000748800000, 0x0000000748800000, 0x0000000748900000|  0%| F|  |TAMS 0x0000000748800000, 0x0000000748800000| Untracked 
| 119|0x0000000748900000, 0x0000000748a00000, 0x0000000748a00000|100%| S|CS|TAMS 0x0000000748900000, 0x0000000748900000| Complete 
| 120|0x0000000748a00000, 0x0000000748b00000, 0x0000000748b00000|100%| S|CS|TAMS 0x0000000748a00000, 0x0000000748a00000| Complete 
| 121|0x0000000748b00000, 0x0000000748c00000, 0x0000000748c00000|100%| S|CS|TAMS 0x0000000748b00000, 0x0000000748b00000| Complete 
| 122|0x0000000748c00000, 0x0000000748d00000, 0x0000000748d00000|100%| S|CS|TAMS 0x0000000748c00000, 0x0000000748c00000| Complete 
| 123|0x0000000748d00000, 0x0000000748e00000, 0x0000000748e00000|100%| S|CS|TAMS 0x0000000748d00000, 0x0000000748d00000| Complete 
| 124|0x0000000748e00000, 0x0000000748f00000, 0x0000000748f00000|100%| S|CS|TAMS 0x0000000748e00000, 0x0000000748e00000| Complete 
| 125|0x0000000748f00000, 0x0000000749000000, 0x0000000749000000|100%| S|CS|TAMS 0x0000000748f00000, 0x0000000748f00000| Complete 
| 126|0x0000000749000000, 0x0000000749100000, 0x0000000749100000|100%| S|CS|TAMS 0x0000000749000000, 0x0000000749000000| Complete 
| 127|0x0000000749100000, 0x0000000749200000, 0x0000000749200000|100%| S|CS|TAMS 0x0000000749100000, 0x0000000749100000| Complete 
| 128|0x0000000749200000, 0x0000000749300000, 0x0000000749300000|100%| S|CS|TAMS 0x0000000749200000, 0x0000000749200000| Complete 
| 129|0x0000000749300000, 0x0000000749400000, 0x0000000749400000|100%| S|CS|TAMS 0x0000000749300000, 0x0000000749300000| Complete 
| 130|0x0000000749400000, 0x0000000749400000, 0x0000000749500000|  0%| F|  |TAMS 0x0000000749400000, 0x0000000749400000| Untracked 
| 131|0x0000000749500000, 0x0000000749500000, 0x0000000749600000|  0%| F|  |TAMS 0x0000000749500000, 0x0000000749500000| Untracked 
| 132|0x0000000749600000, 0x0000000749600000, 0x0000000749700000|  0%| F|  |TAMS 0x0000000749600000, 0x0000000749600000| Untracked 
| 133|0x0000000749700000, 0x0000000749700000, 0x0000000749800000|  0%| F|  |TAMS 0x0000000749700000, 0x0000000749700000| Untracked 
| 134|0x0000000749800000, 0x0000000749800000, 0x0000000749900000|  0%| F|  |TAMS 0x0000000749800000, 0x0000000749800000| Untracked 
| 135|0x0000000749900000, 0x0000000749900000, 0x0000000749a00000|  0%| F|  |TAMS 0x0000000749900000, 0x0000000749900000| Untracked 
| 136|0x0000000749a00000, 0x0000000749a00000, 0x0000000749b00000|  0%| F|  |TAMS 0x0000000749a00000, 0x0000000749a00000| Untracked 
| 137|0x0000000749b00000, 0x0000000749b00000, 0x0000000749c00000|  0%| F|  |TAMS 0x0000000749b00000, 0x0000000749b00000| Untracked 
| 138|0x0000000749c00000, 0x0000000749c00000, 0x0000000749d00000|  0%| F|  |TAMS 0x0000000749c00000, 0x0000000749c00000| Untracked 
| 139|0x0000000749d00000, 0x0000000749d00000, 0x0000000749e00000|  0%| F|  |TAMS 0x0000000749d00000, 0x0000000749d00000| Untracked 
| 140|0x0000000749e00000, 0x0000000749e00000, 0x0000000749f00000|  0%| F|  |TAMS 0x0000000749e00000, 0x0000000749e00000| Untracked 
| 141|0x0000000749f00000, 0x0000000749f00000, 0x000000074a000000|  0%| F|  |TAMS 0x0000000749f00000, 0x0000000749f00000| Untracked 
| 142|0x000000074a000000, 0x000000074a000000, 0x000000074a100000|  0%| F|  |TAMS 0x000000074a000000, 0x000000074a000000| Untracked 
| 143|0x000000074a100000, 0x000000074a100000, 0x000000074a200000|  0%| F|  |TAMS 0x000000074a100000, 0x000000074a100000| Untracked 
| 144|0x000000074a200000, 0x000000074a200000, 0x000000074a300000|  0%| F|  |TAMS 0x000000074a200000, 0x000000074a200000| Untracked 
| 145|0x000000074a300000, 0x000000074a300000, 0x000000074a400000|  0%| F|  |TAMS 0x000000074a300000, 0x000000074a300000| Untracked 
| 146|0x000000074a400000, 0x000000074a400000, 0x000000074a500000|  0%| F|  |TAMS 0x000000074a400000, 0x000000074a400000| Untracked 
| 147|0x000000074a500000, 0x000000074a500000, 0x000000074a600000|  0%| F|  |TAMS 0x000000074a500000, 0x000000074a500000| Untracked 
| 148|0x000000074a600000, 0x000000074a600000, 0x000000074a700000|  0%| F|  |TAMS 0x000000074a600000, 0x000000074a600000| Untracked 
| 149|0x000000074a700000, 0x000000074a700000, 0x000000074a800000|  0%| F|  |TAMS 0x000000074a700000, 0x000000074a700000| Untracked 
| 150|0x000000074a800000, 0x000000074a800000, 0x000000074a900000|  0%| F|  |TAMS 0x000000074a800000, 0x000000074a800000| Untracked 
| 151|0x000000074a900000, 0x000000074a900000, 0x000000074aa00000|  0%| F|  |TAMS 0x000000074a900000, 0x000000074a900000| Untracked 
| 152|0x000000074aa00000, 0x000000074aa00000, 0x000000074ab00000|  0%| F|  |TAMS 0x000000074aa00000, 0x000000074aa00000| Untracked 
| 153|0x000000074ab00000, 0x000000074ab00000, 0x000000074ac00000|  0%| F|  |TAMS 0x000000074ab00000, 0x000000074ab00000| Untracked 
| 154|0x000000074ac00000, 0x000000074ac00000, 0x000000074ad00000|  0%| F|  |TAMS 0x000000074ac00000, 0x000000074ac00000| Untracked 
| 155|0x000000074ad00000, 0x000000074ad00000, 0x000000074ae00000|  0%| F|  |TAMS 0x000000074ad00000, 0x000000074ad00000| Untracked 
| 156|0x000000074ae00000, 0x000000074ae00000, 0x000000074af00000|  0%| F|  |TAMS 0x000000074ae00000, 0x000000074ae00000| Untracked 
| 157|0x000000074af00000, 0x000000074af00000, 0x000000074b000000|  0%| F|  |TAMS 0x000000074af00000, 0x000000074af00000| Untracked 
| 158|0x000000074b000000, 0x000000074b000000, 0x000000074b100000|  0%| F|  |TAMS 0x000000074b000000, 0x000000074b000000| Untracked 
| 159|0x000000074b100000, 0x000000074b100000, 0x000000074b200000|  0%| F|  |TAMS 0x000000074b100000, 0x000000074b100000| Untracked 
| 160|0x000000074b200000, 0x000000074b200000, 0x000000074b300000|  0%| F|  |TAMS 0x000000074b200000, 0x000000074b200000| Untracked 
| 161|0x000000074b300000, 0x000000074b300000, 0x000000074b400000|  0%| F|  |TAMS 0x000000074b300000, 0x000000074b300000| Untracked 
| 162|0x000000074b400000, 0x000000074b400000, 0x000000074b500000|  0%| F|  |TAMS 0x000000074b400000, 0x000000074b400000| Untracked 
| 163|0x000000074b500000, 0x000000074b500000, 0x000000074b600000|  0%| F|  |TAMS 0x000000074b500000, 0x000000074b500000| Untracked 
| 164|0x000000074b600000, 0x000000074b600000, 0x000000074b700000|  0%| F|  |TAMS 0x000000074b600000, 0x000000074b600000| Untracked 
| 165|0x000000074b700000, 0x000000074b700000, 0x000000074b800000|  0%| F|  |TAMS 0x000000074b700000, 0x000000074b700000| Untracked 
| 166|0x000000074b800000, 0x000000074b800000, 0x000000074b900000|  0%| F|  |TAMS 0x000000074b800000, 0x000000074b800000| Untracked 
| 167|0x000000074b900000, 0x000000074b900000, 0x000000074ba00000|  0%| F|  |TAMS 0x000000074b900000, 0x000000074b900000| Untracked 
| 168|0x000000074ba00000, 0x000000074ba00000, 0x000000074bb00000|  0%| F|  |TAMS 0x000000074ba00000, 0x000000074ba00000| Untracked 
| 169|0x000000074bb00000, 0x000000074bb00000, 0x000000074bc00000|  0%| F|  |TAMS 0x000000074bb00000, 0x000000074bb00000| Untracked 
| 170|0x000000074bc00000, 0x000000074bc00000, 0x000000074bd00000|  0%| F|  |TAMS 0x000000074bc00000, 0x000000074bc00000| Untracked 
| 171|0x000000074bd00000, 0x000000074bd00000, 0x000000074be00000|  0%| F|  |TAMS 0x000000074bd00000, 0x000000074bd00000| Untracked 
| 172|0x000000074be00000, 0x000000074be00000, 0x000000074bf00000|  0%| F|  |TAMS 0x000000074be00000, 0x000000074be00000| Untracked 
| 173|0x000000074bf00000, 0x000000074bf00000, 0x000000074c000000|  0%| F|  |TAMS 0x000000074bf00000, 0x000000074bf00000| Untracked 
| 174|0x000000074c000000, 0x000000074c000000, 0x000000074c100000|  0%| F|  |TAMS 0x000000074c000000, 0x000000074c000000| Untracked 
| 175|0x000000074c100000, 0x000000074c100000, 0x000000074c200000|  0%| F|  |TAMS 0x000000074c100000, 0x000000074c100000| Untracked 
| 176|0x000000074c200000, 0x000000074c200000, 0x000000074c300000|  0%| F|  |TAMS 0x000000074c200000, 0x000000074c200000| Untracked 
| 177|0x000000074c300000, 0x000000074c300000, 0x000000074c400000|  0%| F|  |TAMS 0x000000074c300000, 0x000000074c300000| Untracked 
| 178|0x000000074c400000, 0x000000074c400000, 0x000000074c500000|  0%| F|  |TAMS 0x000000074c400000, 0x000000074c400000| Untracked 
| 179|0x000000074c500000, 0x000000074c500000, 0x000000074c600000|  0%| F|  |TAMS 0x000000074c500000, 0x000000074c500000| Untracked 
| 180|0x000000074c600000, 0x000000074c600000, 0x000000074c700000|  0%| F|  |TAMS 0x000000074c600000, 0x000000074c600000| Untracked 
| 181|0x000000074c700000, 0x000000074c700000, 0x000000074c800000|  0%| F|  |TAMS 0x000000074c700000, 0x000000074c700000| Untracked 
| 182|0x000000074c800000, 0x000000074c800000, 0x000000074c900000|  0%| F|  |TAMS 0x000000074c800000, 0x000000074c800000| Untracked 
| 183|0x000000074c900000, 0x000000074c900000, 0x000000074ca00000|  0%| F|  |TAMS 0x000000074c900000, 0x000000074c900000| Untracked 
| 184|0x000000074ca00000, 0x000000074ca00000, 0x000000074cb00000|  0%| F|  |TAMS 0x000000074ca00000, 0x000000074ca00000| Untracked 
| 185|0x000000074cb00000, 0x000000074cb00000, 0x000000074cc00000|  0%| F|  |TAMS 0x000000074cb00000, 0x000000074cb00000| Untracked 
| 186|0x000000074cc00000, 0x000000074cc00000, 0x000000074cd00000|  0%| F|  |TAMS 0x000000074cc00000, 0x000000074cc00000| Untracked 
| 187|0x000000074cd00000, 0x000000074cd00000, 0x000000074ce00000|  0%| F|  |TAMS 0x000000074cd00000, 0x000000074cd00000| Untracked 
| 188|0x000000074ce00000, 0x000000074ce00000, 0x000000074cf00000|  0%| F|  |TAMS 0x000000074ce00000, 0x000000074ce00000| Untracked 
| 189|0x000000074cf00000, 0x000000074cf00000, 0x000000074d000000|  0%| F|  |TAMS 0x000000074cf00000, 0x000000074cf00000| Untracked 
| 190|0x000000074d000000, 0x000000074d000000, 0x000000074d100000|  0%| F|  |TAMS 0x000000074d000000, 0x000000074d000000| Untracked 
| 191|0x000000074d100000, 0x000000074d100000, 0x000000074d200000|  0%| F|  |TAMS 0x000000074d100000, 0x000000074d100000| Untracked 

Card table byte_map: [0x0000012b5dd30000,0x0000012b5e330000] _byte_map_base: 0x0000012b5a327000

Marking Bits (Prev, Next): (CMBitMap*) 0x0000012b4889c0d8, (CMBitMap*) 0x0000012b4889c110
 Prev Bits: [0x0000012b5e930000, 0x0000012b618e8000)
 Next Bits: [0x0000012b618f0000, 0x0000012b648a8000)

Polling page: 0x0000012b48700000

Metaspace:

Usage:
  Non-class:     39.55 MB capacity,    38.62 MB ( 98%) used,   769.90 KB (  2%) free+waste,   177.50 KB ( <1%) overhead. 
      Class:      6.37 MB capacity,     5.74 MB ( 90%) used,   556.60 KB (  9%) free+waste,    87.88 KB (  1%) overhead. 
       Both:     45.91 MB capacity,    44.36 MB ( 97%) used,     1.30 MB (  3%) free+waste,   265.38 KB ( <1%) overhead. 

Virtual space:
  Non-class space:       46.00 MB reserved,      39.58 MB ( 86%) committed 
      Class space:        1.00 GB reserved,       6.45 MB ( <1%) committed 
             Both:        1.04 GB reserved,      46.03 MB (  4%) committed 

Chunk freelists:
   Non-Class:  32.00 KB
       Class:  10.00 KB
        Both:  42.00 KB

MaxMetaspaceSize: 17179869184.00 GB
CompressedClassSpaceSize: 1.00 GB

CodeHeap 'non-profiled nmethods': size=238912Kb used=10116Kb max_used=10116Kb free=228795Kb
 bounds [0x0000012b4e7c0000, 0x0000012b4f1b0000, 0x0000012b5d110000]
CodeHeap 'non-nmethods': size=6848Kb used=1253Kb max_used=1253Kb free=5594Kb
 bounds [0x0000012b4e110000, 0x0000012b4e380000, 0x0000012b4e7c0000]
 total_blobs=6695 nmethods=5796 adapters=538
 compilation: enabled
              stopped_count=0, restarted_count=0
 full_count=0

Compilation events (20 events):
Event: 26.128 Thread 0x0000012b677c8000 5802       1       ch.qos.logback.classic.Logger::filterAndLog_0_Or3Plus (61 bytes)
Event: 26.129 Thread 0x0000012b677c8000 nmethod 5802 0x0000012b4f198d10 code [0x0000012b4f198f20, 0x0000012b4f199420]
Event: 26.133 Thread 0x0000012b677c8000 5803       1       org.springframework.core.annotation.AnnotationTypeMapping::resolveAliasTarget (394 bytes)
Event: 26.143 Thread 0x0000012b677c8000 nmethod 5803 0x0000012b4f199710 code [0x0000012b4f199f00, 0x0000012b4f19dbc0]
Event: 26.143 Thread 0x0000012b677c8000 5807       1       java.util.concurrent.ConcurrentHashMap::<init> (9 bytes)
Event: 26.143 Thread 0x0000012b677c8000 nmethod 5807 0x0000012b4f19f910 code [0x0000012b4f19fae0, 0x0000012b4f19fc50]
Event: 26.143 Thread 0x0000012b677c8000 5808       1       com.fasterxml.jackson.databind.DeserializationContext::getConfig (5 bytes)
Event: 26.143 Thread 0x0000012b677c8000 nmethod 5808 0x0000012b4f19fd10 code [0x0000012b4f19fec0, 0x0000012b4f19fff8]
Event: 26.143 Thread 0x0000012b677c8000 5811       1       com.fasterxml.jackson.databind.introspect.AnnotationCollector$NoAnnotations::get (2 bytes)
Event: 26.144 Thread 0x0000012b677c8000 nmethod 5811 0x0000012b4f1a0090 code [0x0000012b4f1a0240, 0x0000012b4f1a0378]
Event: 26.144 Thread 0x0000012b677c8000 5810       1       com.fasterxml.jackson.databind.PropertyName::getSimpleName (5 bytes)
Event: 26.144 Thread 0x0000012b677c8000 nmethod 5810 0x0000012b4f1a0410 code [0x0000012b4f1a05c0, 0x0000012b4f1a06f8]
Event: 26.144 Thread 0x0000012b677c8000 5809       1       com.fasterxml.jackson.databind.AnnotationIntrospector::findInjectableValueId (2 bytes)
Event: 26.144 Thread 0x0000012b677c8000 nmethod 5809 0x0000012b4f1a0790 code [0x0000012b4f1a0940, 0x0000012b4f1a0a78]
Event: 26.144 Thread 0x0000012b677c8000 5804       1       org.springframework.core.annotation.AttributeMethods::get (22 bytes)
Event: 26.144 Thread 0x0000012b677c8000 nmethod 5804 0x0000012b4f1a0b10 code [0x0000012b4f1a0cc0, 0x0000012b4f1a0e70]
Event: 26.144 Thread 0x0000012b677c8000 5805       1       org.springframework.core.annotation.AnnotationTypeMapping::isCompatibleReturnType (19 bytes)
Event: 26.144 Thread 0x0000012b677c8000 nmethod 5805 0x0000012b4f1a0f90 code [0x0000012b4f1a1140, 0x0000012b4f1a12f0]
Event: 26.144 Thread 0x0000012b677c8000 5806       1       org.springframework.core.annotation.AnnotationTypeMapping::isAliasPair (17 bytes)
Event: 26.145 Thread 0x0000012b677c8000 nmethod 5806 0x0000012b4f1a1410 code [0x0000012b4f1a15c0, 0x0000012b4f1a1718]

GC Heap History (15 events):
Event: 2.492 GC heap before
{Heap before GC invocations=0 (full 0):
 garbage-first heap   total 196608K, used 14336K [0x0000000741200000, 0x0000000800000000)
  region size 1024K, 14 young (14336K), 0 survivors (0K)
 Metaspace       used 5413K, capacity 5736K, committed 6016K, reserved 1056768K
  class space    used 670K, capacity 772K, committed 896K, reserved 1048576K
}
Event: 2.510 GC heap after
{Heap after GC invocations=1 (full 0):
 garbage-first heap   total 196608K, used 5659K [0x0000000741200000, 0x0000000800000000)
  region size 1024K, 2 young (2048K), 2 survivors (2048K)
 Metaspace       used 5413K, capacity 5736K, committed 6016K, reserved 1056768K
  class space    used 670K, capacity 772K, committed 896K, reserved 1048576K
}
Event: 2.753 GC heap before
{Heap before GC invocations=1 (full 0):
 garbage-first heap   total 196608K, used 12827K [0x0000000741200000, 0x0000000800000000)
  region size 1024K, 9 young (9216K), 2 survivors (2048K)
 Metaspace       used 6532K, capacity 6889K, committed 7168K, reserved 1056768K
  class space    used 807K, capacity 921K, committed 1024K, reserved 1048576K
}
Event: 2.758 GC heap after
{Heap after GC invocations=2 (full 0):
 garbage-first heap   total 196608K, used 6221K [0x0000000741200000, 0x0000000800000000)
  region size 1024K, 1 young (1024K), 1 survivors (1024K)
 Metaspace       used 6532K, capacity 6889K, committed 7168K, reserved 1056768K
  class space    used 807K, capacity 921K, committed 1024K, reserved 1048576K
}
Event: 3.304 GC heap before
{Heap before GC invocations=2 (full 0):
 garbage-first heap   total 196608K, used 29773K [0x0000000741200000, 0x0000000800000000)
  region size 1024K, 24 young (24576K), 1 survivors (1024K)
 Metaspace       used 10160K, capacity 10642K, committed 10752K, reserved 1058816K
  class space    used 1332K, capacity 1503K, committed 1536K, reserved 1048576K
}
Event: 3.308 GC heap after
{Heap after GC invocations=3 (full 0):
 garbage-first heap   total 196608K, used 7167K [0x0000000741200000, 0x0000000800000000)
  region size 1024K, 2 young (2048K), 2 survivors (2048K)
 Metaspace       used 10160K, capacity 10642K, committed 10752K, reserved 1058816K
  class space    used 1332K, capacity 1503K, committed 1536K, reserved 1048576K
}
Event: 4.265 GC heap before
{Heap before GC invocations=3 (full 0):
 garbage-first heap   total 196608K, used 49151K [0x0000000741200000, 0x0000000800000000)
  region size 1024K, 44 young (45056K), 2 survivors (2048K)
 Metaspace       used 17034K, capacity 17724K, committed 18048K, reserved 1064960K
  class space    used 2334K, capacity 2593K, committed 2688K, reserved 1048576K
}
Event: 4.272 GC heap after
{Heap after GC invocations=4 (full 0):
 garbage-first heap   total 196608K, used 8814K [0x0000000741200000, 0x0000000800000000)
  region size 1024K, 4 young (4096K), 4 survivors (4096K)
 Metaspace       used 17034K, capacity 17724K, committed 18048K, reserved 1064960K
  class space    used 2334K, capacity 2593K, committed 2688K, reserved 1048576K
}
Event: 6.221 GC heap before
{Heap before GC invocations=4 (full 0):
 garbage-first heap   total 196608K, used 52846K [0x0000000741200000, 0x0000000800000000)
  region size 1024K, 49 young (50176K), 4 survivors (4096K)
 Metaspace       used 20279K, capacity 21189K, committed 21296K, reserved 1067008K
  class space    used 2798K, capacity 3176K, committed 3200K, reserved 1048576K
}
Event: 6.241 GC heap after
{Heap after GC invocations=5 (full 0):
 garbage-first heap   total 196608K, used 11058K [0x0000000741200000, 0x0000000800000000)
  region size 1024K, 6 young (6144K), 6 survivors (6144K)
 Metaspace       used 20279K, capacity 21189K, committed 21296K, reserved 1067008K
  class space    used 2798K, capacity 3176K, committed 3200K, reserved 1048576K
}
Event: 11.417 GC heap before
{Heap before GC invocations=6 (full 0):
 garbage-first heap   total 196608K, used 122674K [0x0000000741200000, 0x0000000800000000)
  region size 1024K, 115 young (117760K), 6 survivors (6144K)
 Metaspace       used 30988K, capacity 32267K, committed 32380K, reserved 1077248K
  class space    used 4199K, capacity 4721K, committed 4812K, reserved 1048576K
}
Event: 11.444 GC heap after
{Heap after GC invocations=7 (full 0):
 garbage-first heap   total 196608K, used 16588K [0x0000000741200000, 0x0000000800000000)
  region size 1024K, 11 young (11264K), 11 survivors (11264K)
 Metaspace       used 30988K, capacity 32267K, committed 32380K, reserved 1077248K
  class space    used 4199K, capacity 4721K, committed 4812K, reserved 1048576K
}
Event: 13.113 GC heap before
{Heap before GC invocations=7 (full 0):
 garbage-first heap   total 196608K, used 97484K [0x0000000741200000, 0x0000000800000000)
  region size 1024K, 91 young (93184K), 11 survivors (11264K)
 Metaspace       used 34351K, capacity 35812K, committed 35964K, reserved 1079296K
  class space    used 4645K, capacity 5228K, committed 5324K, reserved 1048576K
}
Event: 13.144 GC heap after
{Heap after GC invocations=8 (full 0):
 garbage-first heap   total 196608K, used 20228K [0x0000000741200000, 0x0000000800000000)
  region size 1024K, 12 young (12288K), 12 survivors (12288K)
 Metaspace       used 34351K, capacity 35812K, committed 35964K, reserved 1079296K
  class space    used 4645K, capacity 5228K, committed 5324K, reserved 1048576K
}
Event: 26.167 GC heap before
{Heap before GC invocations=9 (full 0):
 garbage-first heap   total 196608K, used 82692K [0x0000000741200000, 0x0000000800000000)
  region size 1024K, 74 young (75776K), 12 survivors (12288K)
 Metaspace       used 45422K, capacity 47014K, committed 47132K, reserved 1095680K
  class space    used 5873K, capacity 6518K, committed 6604K, reserved 1048576K
}

Deoptimization events (4 events):
Event: 12.099 Thread 0x0000012b681b9000 DEOPT PACKING pc=0x0000012b4eaa02bb sp=0x0000000101dfd090
Event: 12.099 Thread 0x0000012b681b9000 DEOPT UNPACKING pc=0x0000012b4e1390ce sp=0x0000000101dfc598 mode 3
Event: 23.630 Thread 0x0000012b695ef000 DEOPT PACKING pc=0x0000012b4e9443ec sp=0x0000000102cfb910
Event: 23.630 Thread 0x0000012b695ef000 DEOPT UNPACKING pc=0x0000012b4e1390ce sp=0x0000000102cfae28 mode 0

Classes redefined (0 events):
No events

Internal exceptions (20 events):
Event: 12.146 Thread 0x0000012b681b9000 Exception <a 'java/lang/NoSuchMethodError'{0x0000000749ceea60}: 'java.lang.Object java.lang.invoke.DirectMethodHandle$Holder.invokeInterface(java.lang.Object, java.lang.Object, java.lang.Object, java.lang.Object)'> (0x0000000749ceea60) thrown at [c:/Build
Event: 12.222 Thread 0x0000012b681b9000 Exception <a 'java/lang/ClassNotFoundException'{0x0000000749aafa10}: java/lang/ObjectCustomizer> (0x0000000749aafa10) thrown at [c:/BuildAgent/work/5ff2f6c26000d570/src/hotspot/share/classfile/systemDictionary.cpp, line 231]
Event: 12.224 Thread 0x0000012b681b9000 Exception <a 'java/lang/ClassNotFoundException'{0x0000000749abfab8}: org/springframework/web/servlet/config/annotation/WebMvcConfigurationSupportCustomizer> (0x0000000749abfab8) thrown at [c:/BuildAgent/work/5ff2f6c26000d570/src/hotspot/share/classfile/sy
Event: 12.228 Thread 0x0000012b681b9000 Exception <a 'java/lang/ClassNotFoundException'{0x0000000749ada9c8}: org/springframework/web/servlet/config/annotation/DelegatingWebMvcConfigurationCustomizer> (0x0000000749ada9c8) thrown at [c:/BuildAgent/work/5ff2f6c26000d570/src/hotspot/share/classfile
Event: 12.233 Thread 0x0000012b681b9000 Exception <a 'java/lang/ClassNotFoundException'{0x0000000749aedab0}: org/springframework/boot/autoconfigure/web/servlet/WebMvcAutoConfiguration$EnableWebMvcConfigurationCustomizer> (0x0000000749aedab0) thrown at [c:/BuildAgent/work/5ff2f6c26000d570/src/ho
Event: 12.238 Thread 0x0000012b681b9000 Exception <a 'java/lang/ClassNotFoundException'{0x0000000749905960}: org/springframework/context/ResourceLoaderAwareCustomizer> (0x0000000749905960) thrown at [c:/BuildAgent/work/5ff2f6c26000d570/src/hotspot/share/classfile/systemDictionary.cpp, line 231]
Event: 12.239 Thread 0x0000012b681b9000 Exception <a 'java/lang/ClassNotFoundException'{0x0000000749910188}: org/springframework/beans/factory/AwareCustomizer> (0x0000000749910188) thrown at [c:/BuildAgent/work/5ff2f6c26000d570/src/hotspot/share/classfile/systemDictionary.cpp, line 231]
Event: 12.240 Thread 0x0000012b681b9000 Exception <a 'java/lang/ClassNotFoundException'{0x000000074991af30}: org/springframework/context/ApplicationContextAwareCustomizer> (0x000000074991af30) thrown at [c:/BuildAgent/work/5ff2f6c26000d570/src/hotspot/share/classfile/systemDictionary.cpp, line 
Event: 12.241 Thread 0x0000012b681b9000 Exception <a 'java/lang/ClassNotFoundException'{0x0000000749925cb0}: org/springframework/beans/factory/AwareCustomizer> (0x0000000749925cb0) thrown at [c:/BuildAgent/work/5ff2f6c26000d570/src/hotspot/share/classfile/systemDictionary.cpp, line 231]
Event: 12.242 Thread 0x0000012b681b9000 Exception <a 'java/lang/ClassNotFoundException'{0x0000000749930a70}: org/springframework/web/context/ServletContextAwareCustomizer> (0x0000000749930a70) thrown at [c:/BuildAgent/work/5ff2f6c26000d570/src/hotspot/share/classfile/systemDictionary.cpp, line 
Event: 12.243 Thread 0x0000012b681b9000 Exception <a 'java/lang/ClassNotFoundException'{0x000000074993b700}: org/springframework/beans/factory/AwareCustomizer> (0x000000074993b700) thrown at [c:/BuildAgent/work/5ff2f6c26000d570/src/hotspot/share/classfile/systemDictionary.cpp, line 231]
Event: 12.462 Thread 0x0000012b681b9000 Exception <a 'java/lang/ClassNotFoundException'{0x00000007494f6948}: sun/awt/resources/spi/awtProvider> (0x00000007494f6948) thrown at [c:/BuildAgent/work/5ff2f6c26000d570/src/hotspot/share/classfile/systemDictionary.cpp, line 231]
Event: 12.481 Thread 0x0000012b681b9000 Exception <a 'java/io/FileNotFoundException'{0x00000007493424b0}> (0x00000007493424b0) thrown at [c:/BuildAgent/work/5ff2f6c26000d570/src/hotspot/share/prims/jni.cpp, line 615]
Event: 12.482 Thread 0x0000012b681b9000 Exception <a 'java/io/FileNotFoundException'{0x0000000749346438}> (0x0000000749346438) thrown at [c:/BuildAgent/work/5ff2f6c26000d570/src/hotspot/share/prims/jni.cpp, line 615]
Event: 12.511 Thread 0x0000012b681b9000 Exception <a 'java/lang/NoSuchMethodError'{0x00000007493bdfd8}: 'void java.lang.invoke.DirectMethodHandle$Holder.invokeVirtual(java.lang.Object, java.lang.Object, int)'> (0x00000007493bdfd8) thrown at [c:/BuildAgent/work/5ff2f6c26000d570/src/hotspot/share
Event: 12.633 Thread 0x0000012b68c36000 Exception <a 'java/lang/reflect/InvocationTargetException'{0x000000074c0b1850}> (0x000000074c0b1850) thrown at [c:/BuildAgent/work/5ff2f6c26000d570/src/hotspot/share/runtime/reflection.cpp, line 1246]
Event: 12.731 Thread 0x0000012b681b9000 Exception <a 'java/lang/IncompatibleClassChangeError'{0x0000000748c28f58}: Found class java.lang.Object, but interface was expected> (0x0000000748c28f58) thrown at [c:/BuildAgent/work/5ff2f6c26000d570/src/hotspot/share/interpreter/linkResolver.cpp, line 8
Event: 12.795 Thread 0x0000012b681b9000 Exception <a 'java/lang/NoSuchMethodError'{0x0000000748b980a0}: 'int java.lang.invoke.DirectMethodHandle$Holder.invokeStaticInit(java.lang.Object, java.lang.Object, java.lang.Object, java.lang.Object)'> (0x0000000748b980a0) thrown at [c:/BuildAgent/work/5
Event: 24.033 Thread 0x0000012b695ef000 Exception <a 'sun/nio/fs/WindowsException'{0x000000074af93b78}> (0x000000074af93b78) thrown at [c:/BuildAgent/work/5ff2f6c26000d570/src/hotspot/share/prims/jni.cpp, line 615]
Event: 24.298 Thread 0x0000012b695ef000 Exception <a 'java/lang/NoSuchMethodError'{0x000000074a5feb30}: 'java.lang.Object java.lang.invoke.DirectMethodHandle$Holder.invokeStaticInit(java.lang.Object, java.lang.Object, java.lang.Object, java.lang.Object)'> (0x000000074a5feb30) thrown at [c:/Buil

Events (20 events):
Event: 26.158 loading class com/baomidou/mybatisplus/core/enums/WrapperKeyword done
Event: 26.159 loading class org/apache/ibatis/annotations/Param
Event: 26.159 loading class org/apache/ibatis/annotations/Param done
Event: 26.162 loading class org/apache/ibatis/scripting/xmltags/OgnlCache
Event: 26.162 loading class org/apache/ibatis/scripting/xmltags/OgnlCache done
Event: 26.162 loading class org/apache/ibatis/scripting/xmltags/OgnlMemberAccess
Event: 26.162 loading class org/apache/ibatis/scripting/xmltags/OgnlMemberAccess done
Event: 26.163 loading class org/apache/ibatis/ognl/MemberAccess
Event: 26.163 loading class org/apache/ibatis/ognl/MemberAccess done
Event: 26.164 loading class org/apache/ibatis/scripting/xmltags/OgnlClassResolver
Event: 26.164 loading class org/apache/ibatis/scripting/xmltags/OgnlClassResolver done
Event: 26.165 loading class org/apache/ibatis/ognl/DefaultClassResolver
Event: 26.165 loading class org/apache/ibatis/ognl/DefaultClassResolver done
Event: 26.165 loading class org/apache/ibatis/ognl/ClassResolver
Event: 26.165 loading class org/apache/ibatis/ognl/ClassResolver done
Event: 26.165 loading class org/apache/ibatis/ognl/Ognl
Event: 26.165 loading class org/apache/ibatis/ognl/Ognl done
Event: 26.166 loading class org/apache/ibatis/ognl/OgnlContext
Event: 26.166 loading class org/apache/ibatis/ognl/OgnlContext done
Event: 26.167 Executing VM operation: CollectForMetadataAllocation


Dynamic libraries:
0x00007ff660270000 - 0x00007ff66027a000 	G:\Program Files\JetBrains\IntelliJ IDEA 2019.3.2\jbr\bin\java.exe
0x00007ff86c260000 - 0x00007ff86c450000 	C:\Windows\SYSTEM32\ntdll.dll
0x00007ff86c040000 - 0x00007ff86c0f2000 	C:\Windows\System32\KERNEL32.DLL
0x00007ff869690000 - 0x00007ff869933000 	C:\Windows\System32\KERNELBASE.dll
0x00007ff86a210000 - 0x00007ff86a30a000 	C:\Windows\System32\ucrtbase.dll
0x00007ff85b010000 - 0x00007ff85b029000 	G:\Program Files\JetBrains\IntelliJ IDEA 2019.3.2\jbr\bin\jli.dll
0x00007ff86aa70000 - 0x00007ff86ac04000 	C:\Windows\System32\USER32.dll
0x00007ff869290000 - 0x00007ff8692b1000 	C:\Windows\System32\win32u.dll
0x00007ff86b5c0000 - 0x00007ff86b5e6000 	C:\Windows\System32\GDI32.dll
0x00007ff8693a0000 - 0x00007ff869534000 	C:\Windows\System32\gdi32full.dll
0x00007ff8691f0000 - 0x00007ff86928e000 	C:\Windows\System32\msvcp_win.dll
0x00007ff8479e0000 - 0x00007ff8479f7000 	G:\Program Files\JetBrains\IntelliJ IDEA 2019.3.2\jbr\bin\VCRUNTIME140.dll
0x00007ff85daf0000 - 0x00007ff85dd75000 	C:\Windows\WinSxS\amd64_microsoft.windows.common-controls_6595b64144ccf1df_6.0.18362.778_none_e6c6b761130d4fb8\COMCTL32.dll
0x00007ff86aeb0000 - 0x00007ff86af4e000 	C:\Windows\System32\msvcrt.dll
0x00007ff86b1e0000 - 0x00007ff86b516000 	C:\Windows\System32\combase.dll
0x00007ff86c100000 - 0x00007ff86c220000 	C:\Windows\System32\RPCRT4.dll
0x00007ff86a0c0000 - 0x00007ff86a140000 	C:\Windows\System32\bcryptPrimitives.dll
0x00007ff86b520000 - 0x00007ff86b54e000 	C:\Windows\System32\IMM32.DLL
0x00007ff83e850000 - 0x00007ff83e8ed000 	G:\Program Files\JetBrains\IntelliJ IDEA 2019.3.2\jbr\bin\msvcp140.dll
0x00007ff83b400000 - 0x00007ff83bebb000 	G:\Program Files\JetBrains\IntelliJ IDEA 2019.3.2\jbr\bin\server\jvm.dll
0x00007ff86ae00000 - 0x00007ff86aea3000 	C:\Windows\System32\ADVAPI32.dll
0x00007ff86b650000 - 0x00007ff86b6e7000 	C:\Windows\System32\sechost.dll
0x00007ff86b100000 - 0x00007ff86b108000 	C:\Windows\System32\PSAPI.DLL
0x00007ff865b60000 - 0x00007ff865b69000 	C:\Windows\SYSTEM32\WSOCK32.dll
0x00007ff86af50000 - 0x00007ff86afbf000 	C:\Windows\System32\WS2_32.dll
0x00007ff865db0000 - 0x00007ff865dd4000 	C:\Windows\SYSTEM32\WINMM.dll
0x00007ff860790000 - 0x00007ff86079a000 	C:\Windows\SYSTEM32\VERSION.dll
0x00007ff865d80000 - 0x00007ff865dad000 	C:\Windows\SYSTEM32\WINMMBASE.dll
0x00007ff86a1a0000 - 0x00007ff86a1ea000 	C:\Windows\System32\cfgmgr32.dll
0x00007ff8691d0000 - 0x00007ff8691e1000 	C:\Windows\System32\kernel.appcore.dll
0x00007ff85b4e0000 - 0x00007ff85b4f1000 	G:\Program Files\JetBrains\IntelliJ IDEA 2019.3.2\jbr\bin\verify.dll
0x00007ff85a910000 - 0x00007ff85ab04000 	C:\Windows\SYSTEM32\DBGHELP.DLL
0x00007ff85a8e0000 - 0x00007ff85a90a000 	C:\Windows\SYSTEM32\dbgcore.DLL
0x00007ff85b3a0000 - 0x00007ff85b3c9000 	G:\Program Files\JetBrains\IntelliJ IDEA 2019.3.2\jbr\bin\java.dll
0x00007ff85b510000 - 0x00007ff85b51f000 	G:\Program Files\JetBrains\IntelliJ IDEA 2019.3.2\jbr\bin\instrument.dll
0x00007ff85ac80000 - 0x00007ff85ac97000 	G:\Program Files\JetBrains\IntelliJ IDEA 2019.3.2\jbr\bin\zip.dll
0x00007ff85b150000 - 0x00007ff85b15b000 	G:\Program Files\JetBrains\IntelliJ IDEA 2019.3.2\jbr\bin\jimage.dll
0x00007ff86a380000 - 0x00007ff86aa65000 	C:\Windows\System32\SHELL32.dll
0x00007ff86ba50000 - 0x00007ff86baf9000 	C:\Windows\System32\shcore.dll
0x00007ff869940000 - 0x00007ff86a0c0000 	C:\Windows\System32\windows.storage.dll
0x00007ff8691a0000 - 0x00007ff8691c3000 	C:\Windows\System32\profapi.dll
0x00007ff869130000 - 0x00007ff86917a000 	C:\Windows\System32\powrprof.dll
0x00007ff869120000 - 0x00007ff869130000 	C:\Windows\System32\UMPDC.dll
0x00007ff86b560000 - 0x00007ff86b5b2000 	C:\Windows\System32\shlwapi.dll
0x00007ff86a1f0000 - 0x00007ff86a207000 	C:\Windows\System32\cryptsp.dll
0x00007ff85a170000 - 0x00007ff85a18a000 	G:\Program Files\JetBrains\IntelliJ IDEA 2019.3.2\jbr\bin\net.dll
0x00007ff85e480000 - 0x00007ff85e570000 	C:\Windows\SYSTEM32\WINHTTP.dll
0x00007ff868960000 - 0x00007ff8689c7000 	C:\Windows\system32\mswsock.dll
0x00007ff8594e0000 - 0x00007ff8594f4000 	G:\Program Files\JetBrains\IntelliJ IDEA 2019.3.2\jbr\bin\nio.dll
0x00007ff85b470000 - 0x00007ff85b48a000 	G:\Program Files\JetBrains\IntelliJ IDEA 2019.3.2\bin\breakgen64.dll
0x00007ff8686b0000 - 0x00007ff86877a000 	C:\Windows\SYSTEM32\DNSAPI.dll
0x00007ff86a370000 - 0x00007ff86a378000 	C:\Windows\System32\NSI.dll
0x00007ff868670000 - 0x00007ff8686aa000 	C:\Windows\SYSTEM32\IPHLPAPI.DLL
0x0000000063560000 - 0x0000000063569000 	C:\Program Files\National Instruments\Shared\mDNS Responder\nimdnsNSP.dll
0x0000000063550000 - 0x000000006355e000 	C:\Windows\SYSTEM32\nimdnsResponder.dll
0x0000000071a40000 - 0x0000000071ae3000 	C:\Windows\WinSxS\amd64_microsoft.vc90.crt_1fc8b3b9a1e18e3b_9.0.30729.9619_none_08e065a3a84109b0\MSVCR90.dll
0x00007ff85dda0000 - 0x00007ff85ddaa000 	C:\Windows\System32\rasadhlp.dll
0x00007ff85fe80000 - 0x00007ff85fef7000 	C:\Windows\System32\fwpuclnt.dll
0x00007ff8692c0000 - 0x00007ff8692e6000 	C:\Windows\System32\bcrypt.dll
0x00007ff8594d0000 - 0x00007ff8594da000 	G:\Program Files\JetBrains\IntelliJ IDEA 2019.3.2\jbr\bin\management.dll
0x00007ff8594c0000 - 0x00007ff8594cc000 	G:\Program Files\JetBrains\IntelliJ IDEA 2019.3.2\jbr\bin\management_ext.dll
0x00007ff8684d0000 - 0x00007ff868503000 	C:\Windows\system32\rsaenh.dll
0x00007ff869010000 - 0x00007ff869035000 	C:\Windows\SYSTEM32\USERENV.dll
0x00007ff868b30000 - 0x00007ff868b3c000 	C:\Windows\SYSTEM32\CRYPTBASE.dll
0x00007ff860700000 - 0x00007ff860716000 	C:\Windows\SYSTEM32\dhcpcsvc6.DLL
0x00007ff8606e0000 - 0x00007ff8606fc000 	C:\Windows\SYSTEM32\dhcpcsvc.DLL
0x00007ff851590000 - 0x00007ff8515a6000 	C:\Windows\system32\napinsp.dll
0x00007ff851570000 - 0x00007ff85158a000 	C:\Windows\system32\pnrpnsp.dll
0x00007ff851560000 - 0x00007ff85156e000 	C:\Windows\System32\winrnr.dll
0x00007ff865a40000 - 0x00007ff865a5c000 	C:\Windows\system32\NLAapi.dll
0x00007ff84c630000 - 0x00007ff84c645000 	C:\Windows\system32\wshbth.dll
0x00007ff840640000 - 0x00007ff8407e1000 	G:\Program Files\JetBrains\IntelliJ IDEA 2019.3.2\jbr\bin\awt.dll
0x00007ff86bb00000 - 0x00007ff86bbc4000 	C:\Windows\System32\OLEAUT32.dll
0x00007ff867890000 - 0x00007ff8678bd000 	C:\Windows\SYSTEM32\dwmapi.dll
0x00007ff865eb0000 - 0x00007ff866470000 	C:\Windows\SYSTEM32\d2d1.dll
0x00007ff867290000 - 0x00007ff86731f000 	C:\Windows\SYSTEM32\apphelp.dll
0x00007ff851620000 - 0x00007ff851648000 	G:\Program Files\JetBrains\IntelliJ IDEA 2019.3.2\jbr\bin\sunec.dll

dbghelp: loaded successfully - version: 4.0.5 - missing functions: none
symbol engine: initialized successfully - sym options: 0x614 - pdb path: .;G:\Program Files\JetBrains\IntelliJ IDEA 2019.3.2\jbr\bin;C:\Windows\SYSTEM32;C:\Windows\WinSxS\amd64_microsoft.windows.common-controls_6595b64144ccf1df_6.0.18362.778_none_e6c6b761130d4fb8;G:\Program Files\JetBrains\IntelliJ IDEA 2019.3.2\jbr\bin\server;G:\Program Files\JetBrains\IntelliJ IDEA 2019.3.2\bin;C:\Program Files\National Instruments\Shared\mDNS Responder;C:\Windows\WinSxS\amd64_microsoft.vc90.crt_1fc8b3b9a1e18e3b_9.0.30729.9619_none_08e065a3a84109b0

VM Arguments:
jvm_args: -XX:TieredStopAtLevel=1 -Xverify:none -Dspring.output.ansi.enabled=always -Dcom.sun.management.jmxremote -Dspring.jmx.enabled=true -Dspring.liveBeansView.mbeanDomain -Dspring.application.admin.enabled=true -javaagent:G:\Program Files\JetBrains\IntelliJ IDEA 2019.3.2\lib\idea_rt.jar=63931:G:\Program Files\JetBrains\IntelliJ IDEA 2019.3.2\bin -Dfile.encoding=UTF-8 
java_command: org.fzu.cs03.daoyun.DaoyunApplication
java_class_path (initial): G:\development\trivial-daoYun\server\target\classes;D:\maven\repository\com\baomidou\mybatis-plus-boot-starter\3.3.1.tmp\mybatis-plus-boot-starter-3.3.1.tmp.jar;D:\maven\repository\com\baomidou\mybatis-plus\3.3.1.tmp\mybatis-plus-3.3.1.tmp.jar;D:\maven\repository\com\baomidou\mybatis-plus-extension\3.3.1.tmp\mybatis-plus-extension-3.3.1.tmp.jar;D:\maven\repository\com\baomidou\mybatis-plus-core\3.3.1.tmp\mybatis-plus-core-3.3.1.tmp.jar;D:\maven\repository\com\baomidou\mybatis-plus-annotation\3.3.1.tmp\mybatis-plus-annotation-3.3.1.tmp.jar;D:\maven\repository\com\github\jsqlparser\jsqlparser\3.1\jsqlparser-3.1.jar;D:\maven\repository\org\mybatis\mybatis\3.5.3\mybatis-3.5.3.jar;D:\maven\repository\org\mybatis\mybatis-spring\2.0.3\mybatis-spring-2.0.3.jar;D:\maven\repository\org\springframework\boot\spring-boot-autoconfigure\2.2.5.RELEASE\spring-boot-autoconfigure-2.2.5.RELEASE.jar;D:\maven\repository\org\projectlombok\lombok\1.18.12\lombok-1.18.12.jar;D:\maven\repository\com\alibaba\fastjson\1.2.47\fastjson-1.2.47.jar;D:\maven\repository\org\springframework\boot\spring-boot-starter-mobile\1.5.22.RELEASE\spring-boot-starter-mobile-1.5.22.RELEASE.jar;D:\maven\repository\org\springframework\boot\spring-boot-starter\2.2.5.RELEASE\spring-boot-starter-2.2.5.RELEASE.jar;D:\maven\repository\org\springframework\boot\spring-boot-starter-logging\2.2.5.RELEASE\spring-boot-starter-logging-2.2.5.RELEASE.jar;D:\maven\repository\ch\qos\logback\logback-classic\1.2.3\logback-classic-1.2.3.jar;D:\maven\repository\ch\qos\logback\logback-core\1.2.3\logback-core-1.2.3.jar;D:\maven\repository\org\apache\logging\log4j\log4j-to-slf4j\2.12.1\log4j-to-slf4j-2.12.1.jar;D:\maven\repository\org\apache\logging\log4j\log4j-api\2.12.1\log4j-api-2.12.1.jar;D:\maven\repository\org\slf4j\jul-to-slf4j\1.7.30\jul-to-slf4j-1.7.30.jar;D:\maven\repository\jakarta\annotation\jakarta.annotation-api\1.3.5\jakarta.annotation-api-1.3.5.jar;D:\maven\repository\org\yaml\snakeyaml\1.25\s
Launcher Type: SUN_STANDARD

[Global flags]
     bool BytecodeVerificationLocal                = false                                     {product} {command line}
     bool BytecodeVerificationRemote               = false                                     {product} {command line}
     intx CICompilerCount                          = 3                                         {product} {ergonomic}
     uint ConcGCThreads                            = 1                                         {product} {ergonomic}
     uint G1ConcRefinementThreads                  = 4                                         {product} {ergonomic}
   size_t G1HeapRegionSize                         = 1048576                                   {product} {ergonomic}
    uintx GCDrainStackTargetSize                   = 64                                        {product} {ergonomic}
   size_t InitialHeapSize                          = 201326592                                 {product} {ergonomic}
     bool ManagementServer                         = true                                      {product} {command line}
   size_t MarkStackSize                            = 4194304                                   {product} {ergonomic}
   size_t MaxHeapSize                              = 3202351104                                {product} {ergonomic}
   size_t MaxNewSize                               = 1920991232                                {product} {ergonomic}
   size_t MinHeapDeltaBytes                        = 1048576                                   {product} {ergonomic}
    uintx NonNMethodCodeHeapSize                   = 6973028                                {pd product} {ergonomic}
    uintx NonProfiledCodeHeapSize                  = 244685212                              {pd product} {ergonomic}
    uintx ProfiledCodeHeapSize                     = 0                                      {pd product} {ergonomic}
    uintx ReservedCodeCacheSize                    = 251658240                              {pd product} {ergonomic}
     bool SegmentedCodeCache                       = true                                      {product} {ergonomic}
     intx TieredStopAtLevel                        = 1                                         {product} {command line}
     bool UseCompressedClassPointers               = true                                 {lp64_product} {ergonomic}
     bool UseCompressedOops                        = true                                 {lp64_product} {ergonomic}
     bool UseG1GC                                  = true                                      {product} {ergonomic}
     bool UseLargePagesIndividualAllocation        = false                                  {pd product} {ergonomic}

Logging:
Log output configuration:
 #0: stdout all=warning uptime,level,tags
 #1: stderr all=off uptime,level,tags

Environment Variables:
JAVA_HOME=E:\Java\java1.8.0
CLASSPATH=E:\Java\java1.8.0\lib\dt.jar;E:\Java\java1.8.0\lib\tools.jar
PATH=C:\Windows\system32;C:\Windows;C:\Windows\System32\Wbem;C:\Windows\System32\WindowsPowerShell\v1.0\;C:\Windows\System32\OpenSSH\;E:\TortoiseSVN\bin;E:\Anaconda\Scripts;E:\CMake\bin;E:\Mahout0.12\apache-mahout-distribution-0.12.2\bin;E:\hadoop-2.8.3\hadoop-2.8.3\bin;E:\Java\java1.8.0\bin;C:\Program Files\dotnet\;G:\Program Files\MATLAB\R2017b\runtime\win64;G:\Program Files\MATLAB\R2017b\bin;E:\Program Files\CMake\bin;E:\Program Files (x86)\Graphviz2.38\bin;E:\Program Files\doxygen\bin;E:\Program Files (x86)\win_flex_bison-latest;E:\Anaconda;E:\Program Files\mingw64\;E:\Program Files\MinGW\msys\1.0\bin;E:\Program Files\mingw64\bin;E:\Git\cmd;E:\Program Files\MiKTeX 2.9\miktex\bin\x64\;E:\Program Files (x86)\Graphviz2.38\include;;C:\Program Files (x86)\NVIDIA Corporation\PhysX\Common;C:\Program Files\MySQL\MySQL Shell 8.0\bin\;C:\Users\49756\AppData\Local\Microsoft\WindowsApps;G:\Program Files\JetBrains\PyCharm 2019.2.1\bin;;G:\Program Files\Microsoft VS Code\bin;;G:\Program Files\JetBrains\IntelliJ IDEA 2019.3.2\bin;
USERNAME=Mu.xx
OS=Windows_NT
PROCESSOR_IDENTIFIER=Intel64 Family 6 Model 60 Stepping 3, GenuineIntel



---------------  S Y S T E M  ---------------

OS: Windows 10 , 64 bit Build 18362 (10.0.18362.778)

CPU:total 4 (initial active 4) (2 cores per cpu, 2 threads per core) family 6 model 60 stepping 3, cmov, cx8, fxsr, mmx, sse, sse2, sse3, ssse3, sse4.1, sse4.2, popcnt, avx, avx2, aes, clmul, erms, lzcnt, ht, tsc, tscinvbit, bmi1, bmi2, fma

Memory: 4k page, system-wide physical 12210M (3305M free)
TotalPageFile size 27858M (AvailPageFile size 3M)
current process WorkingSet (physical memory assigned to process): 269M, peak: 269M
current process commit charge ("private bytes"): 341M, peak: 380M

vm_info: OpenJDK 64-Bit Server VM (11.0.5+10-b520.30) for windows-amd64 JRE (11.0.5+10-b520.30), built on Dec 24 2019 12:06:09 by "" with MS VC++ 14.0 (VS2015)

END.
